This is pdfTeX, Version 3.141592653-2.6-1.40.26 (MiKTeX 24.4) (preloaded format=pdflatex 2024.6.21)  21 JUN 2024 21:30
entering extended mode
 restricted \write18 enabled.
 file:line:error style messages enabled.
 %&-line parsing enabled.
**/home/delta/Desktop/relatorio/main.tex
(/home/delta/Desktop/relatorio/main.tex
LaTeX2e <2024-06-01> patch level 1
L3 programming layer <2024-05-27>
(/home/delta/.miktex/texmfs/install/tex/latex/base/report.cls
Document Class: report 2024/02/08 v1.4n Standard LaTeX document class
(/home/delta/.miktex/texmfs/install/tex/latex/base/size11.clo
File: size11.clo 2024/02/08 v1.4n Standard LaTeX file (size option)
)
\c@part=\count194
\c@chapter=\count195
\c@section=\count196
\c@subsection=\count197
\c@subsubsection=\count198
\c@paragraph=\count199
\c@subparagraph=\count266
\c@figure=\count267
\c@table=\count268
\abovecaptionskip=\skip49
\belowcaptionskip=\skip50
\bibindent=\dimen141
) (/home/delta/.miktex/texmfs/install/tex/latex/base/inputenc.sty
Package: inputenc 2024/02/08 v1.3d Input encoding file
\inpenc@prehook=\toks17
\inpenc@posthook=\toks18
) (/home/delta/.miktex/texmfs/install/tex/generic/babel/babel.sty
Package: babel 2024/06/02 v24.6 The Babel package
\babel@savecnt=\count269
\U@D=\dimen142
\l@unhyphenated=\language2
 (/home/delta/.miktex/texmfs/install/tex/generic/babel/txtbabel.def)
\bbl@readstream=\read2
\bbl@dirlevel=\count270

*************************************
* Local config file bblopts.cfg used
*
(/home/delta/.miktex/texmfs/install/tex/latex/arabi/bblopts.cfg
File: bblopts.cfg 2005/09/08 v0.1 add Arabic and Farsi to "declared" options of babel
) (/home/delta/.miktex/texmfs/install/tex/latex/babel-english/english.ldf
Language: english 2017/06/06 v3.3r English support from the babel system
Package babel Info: Hyphen rules for 'british' set to \l@english
(babel)             (\language0). Reported on input line 82.
Package babel Info: Hyphen rules for 'UKenglish' set to \l@english
(babel)             (\language0). Reported on input line 83.
Package babel Info: Hyphen rules for 'canadian' set to \l@english
(babel)             (\language0). Reported on input line 102.
Package babel Info: Hyphen rules for 'australian' set to \l@english
(babel)             (\language0). Reported on input line 105.
Package babel Info: Hyphen rules for 'newzealand' set to \l@english
(babel)             (\language0). Reported on input line 108.
) (/home/delta/.miktex/texmfs/install/tex/latex/babel-portuges/portuges.ldf
Language: portuges 2021/07/09 v1.2t Portuguese support from the babel system


Package babel Warning: No hyphenation patterns were preloaded for
(babel)                the language 'Portuguese' into the format.
(babel)                Please, configure your TeX system to add them and
(babel)                rebuild the format. Now I will use the patterns
(babel)                preloaded for \language=0 instead on input line 53.

Package babel Info: Hyphen rules for 'portuges' set to \l@english
(babel)             (\language0). Reported on input line 54.
Package babel Info: Making " an active character on input line 143.
)) (/home/delta/.miktex/texmfs/install/tex/generic/babel/locale/en/babel-english.tex
Package babel Info: Importing font and identification data for english
(babel)             from babel-en.ini. Reported on input line 11.
) (/home/delta/.miktex/texmfs/install/tex/latex/amsmath/amsmath.sty
Package: amsmath 2024/05/23 v2.17q AMS math features
\@mathmargin=\skip51

For additional information on amsmath, use the `?' option.
(/home/delta/.miktex/texmfs/install/tex/latex/amsmath/amstext.sty
Package: amstext 2021/08/26 v2.01 AMS text
 (/home/delta/.miktex/texmfs/install/tex/latex/amsmath/amsgen.sty
File: amsgen.sty 1999/11/30 v2.0 generic functions
\@emptytoks=\toks19
\ex@=\dimen143
)) (/home/delta/.miktex/texmfs/install/tex/latex/amsmath/amsbsy.sty
Package: amsbsy 1999/11/29 v1.2d Bold Symbols
\pmbraise@=\dimen144
) (/home/delta/.miktex/texmfs/install/tex/latex/amsmath/amsopn.sty
Package: amsopn 2022/04/08 v2.04 operator names
)
\inf@bad=\count271
LaTeX Info: Redefining \frac on input line 233.
\uproot@=\count272
\leftroot@=\count273
LaTeX Info: Redefining \overline on input line 398.
LaTeX Info: Redefining \colon on input line 409.
\classnum@=\count274
\DOTSCASE@=\count275
LaTeX Info: Redefining \ldots on input line 495.
LaTeX Info: Redefining \dots on input line 498.
LaTeX Info: Redefining \cdots on input line 619.
\Mathstrutbox@=\box52
\strutbox@=\box53
LaTeX Info: Redefining \big on input line 721.
LaTeX Info: Redefining \Big on input line 722.
LaTeX Info: Redefining \bigg on input line 723.
LaTeX Info: Redefining \Bigg on input line 724.
\big@size=\dimen145
LaTeX Font Info:    Redeclaring font encoding OML on input line 742.
LaTeX Font Info:    Redeclaring font encoding OMS on input line 743.
\macc@depth=\count276
LaTeX Info: Redefining \bmod on input line 904.
LaTeX Info: Redefining \pmod on input line 909.
LaTeX Info: Redefining \smash on input line 939.
LaTeX Info: Redefining \relbar on input line 969.
LaTeX Info: Redefining \Relbar on input line 970.
\c@MaxMatrixCols=\count277
\dotsspace@=\muskip17
\c@parentequation=\count278
\dspbrk@lvl=\count279
\tag@help=\toks20
\row@=\count280
\column@=\count281
\maxfields@=\count282
\andhelp@=\toks21
\eqnshift@=\dimen146
\alignsep@=\dimen147
\tagshift@=\dimen148
\tagwidth@=\dimen149
\totwidth@=\dimen150
\lineht@=\dimen151
\@envbody=\toks22
\multlinegap=\skip52
\multlinetaggap=\skip53
\mathdisplay@stack=\toks23
LaTeX Info: Redefining \[ on input line 2953.
LaTeX Info: Redefining \] on input line 2954.
) (/home/delta/.miktex/texmfs/install/tex/latex/graphics/graphicx.sty
Package: graphicx 2021/09/16 v1.2d Enhanced LaTeX Graphics (DPC,SPQR)
 (/home/delta/.miktex/texmfs/install/tex/latex/graphics/keyval.sty
Package: keyval 2022/05/29 v1.15 key=value parser (DPC)
\KV@toks@=\toks24
) (/home/delta/.miktex/texmfs/install/tex/latex/graphics/graphics.sty
Package: graphics 2024/05/23 v1.4g Standard LaTeX Graphics (DPC,SPQR)
 (/home/delta/.miktex/texmfs/install/tex/latex/graphics/trig.sty
Package: trig 2023/12/02 v1.11 sin cos tan (DPC)
) (/home/delta/.miktex/texmfs/install/tex/latex/graphics-cfg/graphics.cfg
File: graphics.cfg 2016/06/04 v1.11 sample graphics configuration
)
Package graphics Info: Driver file: pdftex.def on input line 106.
 (/home/delta/.miktex/texmfs/install/tex/latex/graphics-def/pdftex.def
File: pdftex.def 2024/04/13 v1.2c Graphics/color driver for pdftex
))
\Gin@req@height=\dimen152
\Gin@req@width=\dimen153
) (/home/delta/.miktex/texmfs/install/tex/latex/tools/tabularx.sty
Package: tabularx 2023/12/11 v2.12a `tabularx' package (DPC)
 (/home/delta/.miktex/texmfs/install/tex/latex/tools/array.sty
Package: array 2024/05/23 v2.6c Tabular extension package (FMi)
\col@sep=\dimen154
\ar@mcellbox=\box54
\extrarowheight=\dimen155
\NC@list=\toks25
\extratabsurround=\skip54
\backup@length=\skip55
\ar@cellbox=\box55
)
\TX@col@width=\dimen156
\TX@old@table=\dimen157
\TX@old@col=\dimen158
\TX@target=\dimen159
\TX@delta=\dimen160
\TX@cols=\count283
\TX@ftn=\toks26
) (/home/delta/.miktex/texmfs/install/tex/latex/adjustbox/adjustbox.sty
Package: adjustbox 2022/10/17 v1.3a Adjusting TeX boxes (trim, clip, ...)
 (/home/delta/.miktex/texmfs/install/tex/latex/xkeyval/xkeyval.sty
Package: xkeyval 2022/06/16 v2.9 package option processing (HA)
 (/home/delta/.miktex/texmfs/install/tex/generic/xkeyval/xkeyval.tex (/home/delta/.miktex/texmfs/install/tex/generic/xkeyval/xkvutils.tex
\XKV@toks=\toks27
\XKV@tempa@toks=\toks28
)
\XKV@depth=\count284
File: xkeyval.tex 2014/12/03 v2.7a key=value parser (HA)
)) (/home/delta/.miktex/texmfs/install/tex/latex/adjustbox/adjcalc.sty
Package: adjcalc 2012/05/16 v1.1 Provides advanced setlength with multiple back-ends (calc, etex, pgfmath)
) (/home/delta/.miktex/texmfs/install/tex/latex/adjustbox/trimclip.sty
Package: trimclip 2020/08/19 v1.2 Trim and clip general TeX material
 (/home/delta/.miktex/texmfs/install/tex/latex/collectbox/collectbox.sty
Package: collectbox 2022/10/17 v0.4c Collect macro arguments as boxes
\collectedbox=\box56
)
\tc@llx=\dimen161
\tc@lly=\dimen162
\tc@urx=\dimen163
\tc@ury=\dimen164
Package trimclip Info: Using driver 'tc-pdftex.def'.
 (/home/delta/.miktex/texmfs/install/tex/latex/adjustbox/tc-pdftex.def
File: tc-pdftex.def 2019/01/04 v2.2 Clipping driver for pdftex
))
\adjbox@Width=\dimen165
\adjbox@Height=\dimen166
\adjbox@Depth=\dimen167
\adjbox@Totalheight=\dimen168
\adjbox@pwidth=\dimen169
\adjbox@pheight=\dimen170
\adjbox@pdepth=\dimen171
\adjbox@ptotalheight=\dimen172
 (/home/delta/.miktex/texmfs/install/tex/latex/ifoddpage/ifoddpage.sty
Package: ifoddpage 2022/10/18 v1.2 Conditionals for odd/even page detection
\c@checkoddpage=\count285
) (/home/delta/.miktex/texmfs/install/tex/latex/varwidth/varwidth.sty
Package: varwidth 2009/03/30 ver 0.92;  Variable-width minipages
\@vwid@box=\box57
\sift@deathcycles=\count286
\@vwid@loff=\dimen173
\@vwid@roff=\dimen174
)) (/home/delta/.miktex/texmfs/install/tex/latex/csquotes/csquotes.sty
Package: csquotes 2024-04-04 v5.2o context-sensitive quotations (JAW)
 (/home/delta/.miktex/texmfs/install/tex/latex/etoolbox/etoolbox.sty
Package: etoolbox 2020/10/05 v2.5k e-TeX tools for LaTeX (JAW)
\etb@tempcnta=\count287
)
\csq@reset=\count288
\csq@gtype=\count289
\csq@glevel=\count290
\csq@qlevel=\count291
\csq@maxlvl=\count292
\csq@tshold=\count293
\csq@ltx@everypar=\toks29
 (/home/delta/.miktex/texmfs/install/tex/latex/csquotes/csquotes.def
File: csquotes.def 2024-04-04 v5.2o csquotes generic definitions (JAW)
)
Package csquotes Info: Trying to load configuration file 'csquotes.cfg'...
Package csquotes Info: ... configuration file loaded successfully.
 (/home/delta/.miktex/texmfs/install/tex/latex/csquotes/csquotes.cfg
File: csquotes.cfg 
)) (/home/delta/.miktex/texmfs/install/tex/latex/comment/comment.sty
\CommentStream=\write3
 Excluding comment 'comment') (/home/delta/.miktex/texmfs/install/tex/latex/imakeidx/imakeidx.sty
Package: imakeidx 2016/10/15 v1.3e Package for typesetting indices in a synchronous mode
 (/home/delta/.miktex/texmfs/install/tex/generic/iftex/ifxetex.sty
Package: ifxetex 2019/10/25 v0.7 ifxetex legacy package. Use iftex instead.
 (/home/delta/.miktex/texmfs/install/tex/generic/iftex/iftex.sty
Package: iftex 2022/02/03 v1.0f TeX engine tests
)) (/home/delta/.miktex/texmfs/install/tex/generic/iftex/ifluatex.sty
Package: ifluatex 2019/10/25 v1.5 ifluatex legacy package. Use iftex instead.
) (/home/delta/.miktex/texmfs/install/tex/latex/tools/multicol.sty
Package: multicol 2024/05/23 v1.9h multicolumn formatting (FMi)
\c@tracingmulticols=\count294
\mult@box=\box58
\multicol@leftmargin=\dimen175
\c@unbalance=\count295
\c@collectmore=\count296
\doublecol@number=\count297
\multicoltolerance=\count298
\multicolpretolerance=\count299
\full@width=\dimen176
\page@free=\dimen177
\premulticols=\dimen178
\postmulticols=\dimen179
\multicolsep=\skip56
\multicolbaselineskip=\skip57
\partial@page=\box59
\last@line=\box60
\mc@boxedresult=\box61
\maxbalancingoverflow=\dimen180
\mult@rightbox=\box62
\mult@grightbox=\box63
\mult@firstbox=\box64
\mult@gfirstbox=\box65
\@tempa=\box66
\@tempa=\box67
\@tempa=\box68
\@tempa=\box69
\@tempa=\box70
\@tempa=\box71
\@tempa=\box72
\@tempa=\box73
\@tempa=\box74
\@tempa=\box75
\@tempa=\box76
\@tempa=\box77
\@tempa=\box78
\@tempa=\box79
\@tempa=\box80
\@tempa=\box81
\@tempa=\box82
\@tempa=\box83
\@tempa=\box84
\@tempa=\box85
\@tempa=\box86
\@tempa=\box87
\@tempa=\box88
\@tempa=\box89
\@tempa=\box90
\@tempa=\box91
\@tempa=\box92
\@tempa=\box93
\@tempa=\box94
\@tempa=\box95
\@tempa=\box96
\@tempa=\box97
\@tempa=\box98
\@tempa=\box99
\@tempa=\box100
\@tempa=\box101
\c@minrows=\count300
\c@columnbadness=\count301
\c@finalcolumnbadness=\count302
\last@try=\dimen181
\multicolovershoot=\dimen182
\multicolundershoot=\dimen183
\mult@nat@firstbox=\box102
\colbreak@box=\box103
\mc@col@check@num=\count303
)) (/home/delta/.miktex/texmfs/install/tex/latex/multirow/multirow.sty
Package: multirow 2021/03/15 v2.8 Span multiple rows of a table
\multirow@colwidth=\skip58
\multirow@cntb=\count304
\multirow@dima=\skip59
\bigstrutjot=\dimen184
) (/home/delta/.miktex/texmfs/install/tex/latex/xcolor/xcolor.sty
Package: xcolor 2023/11/15 v3.01 LaTeX color extensions (UK)
 (/home/delta/.miktex/texmfs/install/tex/latex/graphics-cfg/color.cfg
File: color.cfg 2016/01/02 v1.6 sample color configuration
)
Package xcolor Info: Driver file: pdftex.def on input line 274.
 (/home/delta/.miktex/texmfs/install/tex/latex/graphics/mathcolor.ltx)
Package xcolor Info: Model `cmy' substituted by `cmy0' on input line 1350.
Package xcolor Info: Model `hsb' substituted by `rgb' on input line 1354.
Package xcolor Info: Model `RGB' extended on input line 1366.
Package xcolor Info: Model `HTML' substituted by `rgb' on input line 1368.
Package xcolor Info: Model `Hsb' substituted by `hsb' on input line 1369.
Package xcolor Info: Model `tHsb' substituted by `hsb' on input line 1370.
Package xcolor Info: Model `HSB' substituted by `hsb' on input line 1371.
Package xcolor Info: Model `Gray' substituted by `gray' on input line 1372.
Package xcolor Info: Model `wave' substituted by `hsb' on input line 1373.
) (/home/delta/.miktex/texmfs/install/tex/latex/geometry/geometry.sty
Package: geometry 2020/01/02 v5.9 Page Geometry
 (/home/delta/.miktex/texmfs/install/tex/generic/iftex/ifvtex.sty
Package: ifvtex 2019/10/25 v1.7 ifvtex legacy package. Use iftex instead.
)
\Gm@cnth=\count305
\Gm@cntv=\count306
\c@Gm@tempcnt=\count307
\Gm@bindingoffset=\dimen185
\Gm@wd@mp=\dimen186
\Gm@odd@mp=\dimen187
\Gm@even@mp=\dimen188
\Gm@layoutwidth=\dimen189
\Gm@layoutheight=\dimen190
\Gm@layouthoffset=\dimen191
\Gm@layoutvoffset=\dimen192
\Gm@dimlist=\toks30
 (/home/delta/.miktex/texmfs/install/tex/latex/geometry/geometry.cfg)) (/home/delta/.miktex/texmfs/install/tex/latex/hyperref/hyperref.sty
Package: hyperref 2024-05-23 v7.01i Hypertext links for LaTeX
 (/home/delta/.miktex/texmfs/install/tex/latex/kvsetkeys/kvsetkeys.sty
Package: kvsetkeys 2022-10-05 v1.19 Key value parser (HO)
) (/home/delta/.miktex/texmfs/install/tex/generic/kvdefinekeys/kvdefinekeys.sty
Package: kvdefinekeys 2019-12-19 v1.6 Define keys (HO)
) (/home/delta/.miktex/texmfs/install/tex/generic/pdfescape/pdfescape.sty
Package: pdfescape 2019/12/09 v1.15 Implements pdfTeX's escape features (HO)
 (/home/delta/.miktex/texmfs/install/tex/generic/ltxcmds/ltxcmds.sty
Package: ltxcmds 2023-12-04 v1.26 LaTeX kernel commands for general use (HO)
) (/home/delta/.miktex/texmfs/install/tex/generic/pdftexcmds/pdftexcmds.sty
Package: pdftexcmds 2020-06-27 v0.33 Utility functions of pdfTeX for LuaTeX (HO)
 (/home/delta/.miktex/texmfs/install/tex/generic/infwarerr/infwarerr.sty
Package: infwarerr 2019/12/03 v1.5 Providing info/warning/error messages (HO)
)
Package pdftexcmds Info: \pdf@primitive is available.
Package pdftexcmds Info: \pdf@ifprimitive is available.
Package pdftexcmds Info: \pdfdraftmode found.
)) (/home/delta/.miktex/texmfs/install/tex/latex/hycolor/hycolor.sty
Package: hycolor 2020-01-27 v1.10 Color options for hyperref/bookmark (HO)
) (/home/delta/.miktex/texmfs/install/tex/latex/hyperref/nameref.sty
Package: nameref 2023-11-26 v2.56 Cross-referencing by name of section
 (/home/delta/.miktex/texmfs/install/tex/latex/refcount/refcount.sty
Package: refcount 2019/12/15 v3.6 Data extraction from label references (HO)
) (/home/delta/.miktex/texmfs/install/tex/generic/gettitlestring/gettitlestring.sty
Package: gettitlestring 2019/12/15 v1.6 Cleanup title references (HO)
 (/home/delta/.miktex/texmfs/install/tex/latex/kvoptions/kvoptions.sty
Package: kvoptions 2022-06-15 v3.15 Key value format for package options (HO)
))
\c@section@level=\count308
) (/home/delta/.miktex/texmfs/install/tex/generic/stringenc/stringenc.sty
Package: stringenc 2019/11/29 v1.12 Convert strings between diff. encodings (HO)
)
\@linkdim=\dimen193
\Hy@linkcounter=\count309
\Hy@pagecounter=\count310
 (/home/delta/.miktex/texmfs/install/tex/latex/hyperref/pd1enc.def
File: pd1enc.def 2024-05-23 v7.01i Hyperref: PDFDocEncoding definition (HO)
Now handling font encoding PD1 ...
... no UTF-8 mapping file for font encoding PD1
) (/home/delta/.miktex/texmfs/install/tex/generic/intcalc/intcalc.sty
Package: intcalc 2019/12/15 v1.3 Expandable calculations with integers (HO)
)
\Hy@SavedSpaceFactor=\count311
 (/home/delta/.miktex/texmfs/install/tex/latex/hyperref/puenc.def
File: puenc.def 2024-05-23 v7.01i Hyperref: PDF Unicode definition (HO)
Now handling font encoding PU ...
... no UTF-8 mapping file for font encoding PU
)
Package hyperref Info: Hyper figures OFF on input line 4157.
Package hyperref Info: Link nesting OFF on input line 4162.
Package hyperref Info: Hyper index ON on input line 4165.
Package hyperref Info: Plain pages OFF on input line 4172.
Package hyperref Info: Backreferencing OFF on input line 4177.
Package hyperref Info: Implicit mode ON; LaTeX internals redefined.
Package hyperref Info: Bookmarks ON on input line 4424.
\c@Hy@tempcnt=\count312
 (/home/delta/.miktex/texmfs/install/tex/latex/url/url.sty
\Urlmuskip=\muskip18
Package: url 2013/09/16  ver 3.4  Verb mode for urls, etc.
)
LaTeX Info: Redefining \url on input line 4763.
\XeTeXLinkMargin=\dimen194
 (/home/delta/.miktex/texmfs/install/tex/generic/bitset/bitset.sty
Package: bitset 2019/12/09 v1.3 Handle bit-vector datatype (HO)
 (/home/delta/.miktex/texmfs/install/tex/generic/bigintcalc/bigintcalc.sty
Package: bigintcalc 2019/12/15 v1.5 Expandable calculations on big integers (HO)
))
\Fld@menulength=\count313
\Field@Width=\dimen195
\Fld@charsize=\dimen196
Package hyperref Info: Hyper figures OFF on input line 6042.
Package hyperref Info: Link nesting OFF on input line 6047.
Package hyperref Info: Hyper index ON on input line 6050.
Package hyperref Info: backreferencing OFF on input line 6057.
Package hyperref Info: Link coloring OFF on input line 6062.
Package hyperref Info: Link coloring with OCG OFF on input line 6067.
Package hyperref Info: PDF/A mode OFF on input line 6072.
 (/home/delta/.miktex/texmfs/install/tex/latex/base/atbegshi-ltx.sty
Package: atbegshi-ltx 2021/01/10 v1.0c Emulation of the original atbegshi
package with kernel methods
)
\Hy@abspage=\count314
\c@Item=\count315
\c@Hfootnote=\count316
)
Package hyperref Info: Driver (autodetected): hpdftex.
 (/home/delta/.miktex/texmfs/install/tex/latex/hyperref/hpdftex.def
File: hpdftex.def 2024-05-23 v7.01i Hyperref driver for pdfTeX
 (/home/delta/.miktex/texmfs/install/tex/latex/base/atveryend-ltx.sty
Package: atveryend-ltx 2020/08/19 v1.0a Emulation of the original atveryend package
with kernel methods
)
\Fld@listcount=\count317
\c@bookmark@seq@number=\count318
 (/home/delta/.miktex/texmfs/install/tex/latex/rerunfilecheck/rerunfilecheck.sty
Package: rerunfilecheck 2022-07-10 v1.10 Rerun checks for auxiliary files (HO)
 (/home/delta/.miktex/texmfs/install/tex/generic/uniquecounter/uniquecounter.sty
Package: uniquecounter 2019/12/15 v1.4 Provide unlimited unique counter (HO)
)
Package uniquecounter Info: New unique counter `rerunfilecheck' on input line 285.
)
\Hy@SectionHShift=\skip60
) (/home/delta/.miktex/texmfs/install/tex/latex/glossaries/base/glossaries.sty
Package: glossaries 2024/04/03 v4.54 (NLCT)
 (/home/delta/.miktex/texmfs/install/tex/latex/base/ifthen.sty
Package: ifthen 2024/03/16 v1.1e Standard LaTeX ifthen package (DPC)
) (/home/delta/.miktex/texmfs/install/tex/latex/mfirstuc/mfirstuc.sty
Package: mfirstuc 2022/10/14 v2.08 (NLCT)
\@glsmfirst=\toks31
\@glsmrest=\toks32
) (/home/delta/.miktex/texmfs/install/tex/latex/xfor/xfor.sty
Package: xfor 2009/02/05 v1.05 (NLCT)
) (/home/delta/.miktex/texmfs/install/tex/latex/datatool/datatool-base.sty
Package: datatool-base 2019/09/27 v2.32 (NLCT)
 (/home/delta/.miktex/texmfs/install/tex/latex/substr/substr.sty
Package: substr 2009/10/20 v1.2 Handle substrings
\c@su@anzahl=\count319
) (/home/delta/.miktex/texmfs/install/tex/latex/datatool/datatool-fp.sty
Package: datatool-fp 2019/09/27 v2.32 (NLCT)
 (/home/delta/.miktex/texmfs/install/tex/latex/fp/fp.sty
Package: fp 1995/04/02
 `Fixed Point Package', Version 0.8, April 2, 1995 (C) Michael Mehlich (/home/delta/.miktex/texmfs/install/tex/latex/fp/defpattern.sty
Package: defpattern 1994/10/12
\actioncount=\count320
) (/home/delta/.miktex/texmfs/install/tex/latex/fp/fp-basic.sty
Package: fp-basic 1996/05/13
\FP@xs=\count321
\FP@xia=\count322
\FP@xib=\count323
\FP@xfa=\count324
\FP@xfb=\count325
\FP@rega=\count326
\FP@regb=\count327
\FP@regs=\count328
\FP@times=\count329
) (/home/delta/.miktex/texmfs/install/tex/latex/fp/fp-addons.sty
Package: fp-addons 1995/03/15
) (/home/delta/.miktex/texmfs/install/tex/latex/fp/fp-snap.sty
Package: fp-snap 1995/04/05
) (/home/delta/.miktex/texmfs/install/tex/latex/fp/fp-exp.sty
Package: fp-exp 1995/04/03
) (/home/delta/.miktex/texmfs/install/tex/latex/fp/fp-trigo.sty
Package: fp-trigo 1995/04/14
) (/home/delta/.miktex/texmfs/install/tex/latex/fp/fp-pas.sty
Package: fp-pas 1994/08/29
) (/home/delta/.miktex/texmfs/install/tex/latex/fp/fp-random.sty
Package: fp-random 1995/02/23
\FPseed=\count330
) (/home/delta/.miktex/texmfs/install/tex/latex/fp/fp-eqn.sty
Package: fp-eqn 1995/04/03
) (/home/delta/.miktex/texmfs/install/tex/latex/fp/fp-upn.sty
Package: fp-upn 1996/10/21
) (/home/delta/.miktex/texmfs/install/tex/latex/fp/fp-eval.sty
Package: fp-eval 1995/04/03
)))
\@dtl@toks=\toks33
\@dtl@tmpcount=\count331
\dtl@tmplength=\skip61
\dtl@sortresult=\count332
\@dtl@numgrpsepcount=\count333
\@dtl@datatype=\count334
\dtl@codeA=\count335
\dtl@codeB=\count336
\@dtl@foreach@level=\count337
) (/home/delta/.miktex/texmfs/install/tex/latex/tracklang/tracklang.sty
Package: tracklang 2022/12/13 v1.6.1 (NLCT) Track Languages
 (/home/delta/.miktex/texmfs/install/tex/generic/tracklang/tracklang.tex)) (/home/delta/.miktex/texmfs/install/tex/latex/translator/translator.sty
Package: translator 2021-05-31 v1.12d Easy translation of strings in LaTeX
) (/home/delta/.miktex/texmfs/install/tex/latex/glossaries-portuges/glossaries-portuges.ldf
File: glossaries-portuges.ldf 2014/11/23 v1.0
 (/home/delta/.miktex/texmfs/install/tex/latex/glossaries-portuges/glossaries-portuges-utf8.ldf)) (/home/delta/.miktex/texmfs/install/tex/latex/glossaries-english/glossaries-english.ldf
File: glossaries-english.ldf 2014/11/23 v1.0
)
\gls@level=\count338
\@gls@tmpb=\toks34
\gls@tmplen=\skip62
\glskeylisttok=\toks35
\glslabeltok=\toks36
\glsshorttok=\toks37
\glslongtok=\toks38
 (/home/delta/.miktex/texmfs/install/tex/latex/glossaries/styles/glossary-hypernav.sty
Package: glossary-hypernav 2024/04/03 v4.54 (NLCT)
) (/home/delta/.miktex/texmfs/install/tex/latex/glossaries/styles/glossary-list.sty
Package: glossary-list 2024/04/03 v4.54 (NLCT)
\glslistdottedwidth=\skip63
) (/home/delta/.miktex/texmfs/install/tex/latex/glossaries/styles/glossary-long.sty
Package: glossary-long 2024/04/03 v4.54 (NLCT)
 (/home/delta/.miktex/texmfs/install/tex/latex/tools/longtable.sty
Package: longtable 2024-04-26 v4.20 Multi-page Table package (DPC)
\LTleft=\skip64
\LTright=\skip65
\LTpre=\skip66
\LTpost=\skip67
\LTchunksize=\count339
\LTcapwidth=\dimen197
\LT@head=\box104
\LT@firsthead=\box105
\LT@foot=\box106
\LT@lastfoot=\box107
\LT@gbox=\box108
\LT@cols=\count340
\LT@rows=\count341
\c@LT@tables=\count342
\c@LT@chunks=\count343
\LT@p@ftn=\toks39
)
\glsdescwidth=\skip68
\glspagelistwidth=\skip69
) (/home/delta/.miktex/texmfs/install/tex/latex/glossaries/styles/glossary-super.sty
Package: glossary-super 2024/04/03 v4.54 (NLCT)
 (/home/delta/.miktex/texmfs/install/tex/latex/supertabular/supertabular.sty
Package: supertabular 2020/02/02 v4.1g the supertabular environment
\c@tracingst=\count344
\ST@wd=\dimen198
\ST@rightskip=\skip70
\ST@leftskip=\skip71
\ST@parfillskip=\skip72
\ST@pageleft=\dimen199
\ST@headht=\dimen256
\ST@tailht=\dimen257
\ST@pagesofar=\dimen258
\ST@pboxht=\dimen259
\ST@lineht=\dimen260
\ST@prevht=\dimen261
\ST@toadd=\dimen262
\ST@dimen=\dimen263
\ST@pbox=\box109
)) (/home/delta/.miktex/texmfs/install/tex/latex/glossaries/styles/glossary-tree.sty
Package: glossary-tree 2024/04/03 v4.54 (NLCT)
\glstreeindent=\skip73
)) (/home/delta/.miktex/texmfs/install/tex/latex/titling/titling.sty
Package: titling 2009/09/04 v2.1d maketitle typesetting
\thanksmarkwidth=\skip74
\thanksmargin=\skip75
\droptitle=\skip76
) (/home/delta/.miktex/texmfs/install/tex/latex/tikzpagenodes/tikzpagenodes.sty
Package: tikzpagenodes 2012/09/16 v1.1 Special PGF/TikZ nodes for areas of the page
 (/home/delta/.miktex/texmfs/install/tex/latex/pgf/frontendlayer/tikz.sty (/home/delta/.miktex/texmfs/install/tex/latex/pgf/basiclayer/pgf.sty (/home/delta/.miktex/texmfs/install/tex/latex/pgf/utilities/pgfrcs.sty (/home/delta/.miktex/texmfs/install/tex/generic/pgf/utilities/pgfutil-common.tex
\pgfutil@everybye=\toks40
\pgfutil@tempdima=\dimen264
\pgfutil@tempdimb=\dimen265
) (/home/delta/.miktex/texmfs/install/tex/generic/pgf/utilities/pgfutil-latex.def
\pgfutil@abb=\box110
) (/home/delta/.miktex/texmfs/install/tex/generic/pgf/utilities/pgfrcs.code.tex (/home/delta/.miktex/texmfs/install/tex/generic/pgf/pgf.revision.tex)
Package: pgfrcs 2023-01-15 v3.1.10 (3.1.10)
))
Package: pgf 2023-01-15 v3.1.10 (3.1.10)
 (/home/delta/.miktex/texmfs/install/tex/latex/pgf/basiclayer/pgfcore.sty (/home/delta/.miktex/texmfs/install/tex/latex/pgf/systemlayer/pgfsys.sty (/home/delta/.miktex/texmfs/install/tex/generic/pgf/systemlayer/pgfsys.code.tex
Package: pgfsys 2023-01-15 v3.1.10 (3.1.10)
 (/home/delta/.miktex/texmfs/install/tex/generic/pgf/utilities/pgfkeys.code.tex
\pgfkeys@pathtoks=\toks41
\pgfkeys@temptoks=\toks42
 (/home/delta/.miktex/texmfs/install/tex/generic/pgf/utilities/pgfkeyslibraryfiltered.code.tex
\pgfkeys@tmptoks=\toks43
))
\pgf@x=\dimen266
\pgf@y=\dimen267
\pgf@xa=\dimen268
\pgf@ya=\dimen269
\pgf@xb=\dimen270
\pgf@yb=\dimen271
\pgf@xc=\dimen272
\pgf@yc=\dimen273
\pgf@xd=\dimen274
\pgf@yd=\dimen275
\w@pgf@writea=\write4
\r@pgf@reada=\read3
\c@pgf@counta=\count345
\c@pgf@countb=\count346
\c@pgf@countc=\count347
\c@pgf@countd=\count348
\t@pgf@toka=\toks44
\t@pgf@tokb=\toks45
\t@pgf@tokc=\toks46
\pgf@sys@id@count=\count349
 (/home/delta/.miktex/texmfs/install/tex/generic/pgf/systemlayer/pgf.cfg
File: pgf.cfg 2023-01-15 v3.1.10 (3.1.10)
)
Driver file for pgf: pgfsys-pdftex.def
 (/home/delta/.miktex/texmfs/install/tex/generic/pgf/systemlayer/pgfsys-pdftex.def
File: pgfsys-pdftex.def 2023-01-15 v3.1.10 (3.1.10)
 (/home/delta/.miktex/texmfs/install/tex/generic/pgf/systemlayer/pgfsys-common-pdf.def
File: pgfsys-common-pdf.def 2023-01-15 v3.1.10 (3.1.10)
))) (/home/delta/.miktex/texmfs/install/tex/generic/pgf/systemlayer/pgfsyssoftpath.code.tex
File: pgfsyssoftpath.code.tex 2023-01-15 v3.1.10 (3.1.10)
\pgfsyssoftpath@smallbuffer@items=\count350
\pgfsyssoftpath@bigbuffer@items=\count351
) (/home/delta/.miktex/texmfs/install/tex/generic/pgf/systemlayer/pgfsysprotocol.code.tex
File: pgfsysprotocol.code.tex 2023-01-15 v3.1.10 (3.1.10)
)) (/home/delta/.miktex/texmfs/install/tex/generic/pgf/basiclayer/pgfcore.code.tex
Package: pgfcore 2023-01-15 v3.1.10 (3.1.10)
 (/home/delta/.miktex/texmfs/install/tex/generic/pgf/math/pgfmath.code.tex (/home/delta/.miktex/texmfs/install/tex/generic/pgf/math/pgfmathutil.code.tex) (/home/delta/.miktex/texmfs/install/tex/generic/pgf/math/pgfmathparser.code.tex
\pgfmath@dimen=\dimen276
\pgfmath@count=\count352
\pgfmath@box=\box111
\pgfmath@toks=\toks47
\pgfmath@stack@operand=\toks48
\pgfmath@stack@operation=\toks49
) (/home/delta/.miktex/texmfs/install/tex/generic/pgf/math/pgfmathfunctions.code.tex) (/home/delta/.miktex/texmfs/install/tex/generic/pgf/math/pgfmathfunctions.basic.code.tex) (/home/delta/.miktex/texmfs/install/tex/generic/pgf/math/pgfmathfunctions.trigonometric.code.tex) (/home/delta/.miktex/texmfs/install/tex/generic/pgf/math/pgfmathfunctions.random.code.tex) (/home/delta/.miktex/texmfs/install/tex/generic/pgf/math/pgfmathfunctions.comparison.code.tex) (/home/delta/.miktex/texmfs/install/tex/generic/pgf/math/pgfmathfunctions.base.code.tex) (/home/delta/.miktex/texmfs/install/tex/generic/pgf/math/pgfmathfunctions.round.code.tex) (/home/delta/.miktex/texmfs/install/tex/generic/pgf/math/pgfmathfunctions.misc.code.tex) (/home/delta/.miktex/texmfs/install/tex/generic/pgf/math/pgfmathfunctions.integerarithmetics.code.tex) (/home/delta/.miktex/texmfs/install/tex/generic/pgf/math/pgfmathcalc.code.tex) (/home/delta/.miktex/texmfs/install/tex/generic/pgf/math/pgfmathfloat.code.tex
\c@pgfmathroundto@lastzeros=\count353
)) (/home/delta/.miktex/texmfs/install/tex/generic/pgf/math/pgfint.code.tex) (/home/delta/.miktex/texmfs/install/tex/generic/pgf/basiclayer/pgfcorepoints.code.tex
File: pgfcorepoints.code.tex 2023-01-15 v3.1.10 (3.1.10)
\pgf@picminx=\dimen277
\pgf@picmaxx=\dimen278
\pgf@picminy=\dimen279
\pgf@picmaxy=\dimen280
\pgf@pathminx=\dimen281
\pgf@pathmaxx=\dimen282
\pgf@pathminy=\dimen283
\pgf@pathmaxy=\dimen284
\pgf@xx=\dimen285
\pgf@xy=\dimen286
\pgf@yx=\dimen287
\pgf@yy=\dimen288
\pgf@zx=\dimen289
\pgf@zy=\dimen290
) (/home/delta/.miktex/texmfs/install/tex/generic/pgf/basiclayer/pgfcorepathconstruct.code.tex
File: pgfcorepathconstruct.code.tex 2023-01-15 v3.1.10 (3.1.10)
\pgf@path@lastx=\dimen291
\pgf@path@lasty=\dimen292
) (/home/delta/.miktex/texmfs/install/tex/generic/pgf/basiclayer/pgfcorepathusage.code.tex
File: pgfcorepathusage.code.tex 2023-01-15 v3.1.10 (3.1.10)
\pgf@shorten@end@additional=\dimen293
\pgf@shorten@start@additional=\dimen294
) (/home/delta/.miktex/texmfs/install/tex/generic/pgf/basiclayer/pgfcorescopes.code.tex
File: pgfcorescopes.code.tex 2023-01-15 v3.1.10 (3.1.10)
\pgfpic=\box112
\pgf@hbox=\box113
\pgf@layerbox@main=\box114
\pgf@picture@serial@count=\count354
)
(/home/delta/.miktex/texmfs/install/tex/generic/pgf/basiclayer/pgfcoregraphicstate.code.tex
File: pgfcoregraphicstate.code.tex 2023-01-15 v3.1.10 (3.1.10)
\pgflinewidth=\dimen295
) (/home/delta/.miktex/texmfs/install/tex/generic/pgf/basiclayer/pgfcoretransformations.code.tex
File: pgfcoretransformations.code.tex 2023-01-15 v3.1.10 (3.1.10)
\pgf@pt@x=\dimen296
\pgf@pt@y=\dimen297
\pgf@pt@temp=\dimen298
) (/home/delta/.miktex/texmfs/install/tex/generic/pgf/basiclayer/pgfcorequick.code.tex
File: pgfcorequick.code.tex 2023-01-15 v3.1.10 (3.1.10)
) (/home/delta/.miktex/texmfs/install/tex/generic/pgf/basiclayer/pgfcoreobjects.code.tex
File: pgfcoreobjects.code.tex 2023-01-15 v3.1.10 (3.1.10)
) (/home/delta/.miktex/texmfs/install/tex/generic/pgf/basiclayer/pgfcorepathprocessing.code.tex
File: pgfcorepathprocessing.code.tex 2023-01-15 v3.1.10 (3.1.10)
) (/home/delta/.miktex/texmfs/install/tex/generic/pgf/basiclayer/pgfcorearrows.code.tex
File: pgfcorearrows.code.tex 2023-01-15 v3.1.10 (3.1.10)
\pgfarrowsep=\dimen299
) (/home/delta/.miktex/texmfs/install/tex/generic/pgf/basiclayer/pgfcoreshade.code.tex
File: pgfcoreshade.code.tex 2023-01-15 v3.1.10 (3.1.10)
\pgf@max=\dimen300
\pgf@sys@shading@range@num=\count355
\pgf@shadingcount=\count356
) (/home/delta/.miktex/texmfs/install/tex/generic/pgf/basiclayer/pgfcoreimage.code.tex
File: pgfcoreimage.code.tex 2023-01-15 v3.1.10 (3.1.10)
) (/home/delta/.miktex/texmfs/install/tex/generic/pgf/basiclayer/pgfcoreexternal.code.tex
File: pgfcoreexternal.code.tex 2023-01-15 v3.1.10 (3.1.10)
\pgfexternal@startupbox=\box115
) (/home/delta/.miktex/texmfs/install/tex/generic/pgf/basiclayer/pgfcorelayers.code.tex
File: pgfcorelayers.code.tex 2023-01-15 v3.1.10 (3.1.10)
) (/home/delta/.miktex/texmfs/install/tex/generic/pgf/basiclayer/pgfcoretransparency.code.tex
File: pgfcoretransparency.code.tex 2023-01-15 v3.1.10 (3.1.10)
) (/home/delta/.miktex/texmfs/install/tex/generic/pgf/basiclayer/pgfcorepatterns.code.tex
File: pgfcorepatterns.code.tex 2023-01-15 v3.1.10 (3.1.10)
) (/home/delta/.miktex/texmfs/install/tex/generic/pgf/basiclayer/pgfcorerdf.code.tex
File: pgfcorerdf.code.tex 2023-01-15 v3.1.10 (3.1.10)
))) (/home/delta/.miktex/texmfs/install/tex/generic/pgf/modules/pgfmoduleshapes.code.tex
File: pgfmoduleshapes.code.tex 2023-01-15 v3.1.10 (3.1.10)
\pgfnodeparttextbox=\box116
) (/home/delta/.miktex/texmfs/install/tex/generic/pgf/modules/pgfmoduleplot.code.tex
File: pgfmoduleplot.code.tex 2023-01-15 v3.1.10 (3.1.10)
) (/home/delta/.miktex/texmfs/install/tex/latex/pgf/compatibility/pgfcomp-version-0-65.sty
Package: pgfcomp-version-0-65 2023-01-15 v3.1.10 (3.1.10)
\pgf@nodesepstart=\dimen301
\pgf@nodesepend=\dimen302
) (/home/delta/.miktex/texmfs/install/tex/latex/pgf/compatibility/pgfcomp-version-1-18.sty
Package: pgfcomp-version-1-18 2023-01-15 v3.1.10 (3.1.10)
)) (/home/delta/.miktex/texmfs/install/tex/latex/pgf/utilities/pgffor.sty (/home/delta/.miktex/texmfs/install/tex/latex/pgf/utilities/pgfkeys.sty (/home/delta/.miktex/texmfs/install/tex/generic/pgf/utilities/pgfkeys.code.tex)) (/home/delta/.miktex/texmfs/install/tex/latex/pgf/math/pgfmath.sty (/home/delta/.miktex/texmfs/install/tex/generic/pgf/math/pgfmath.code.tex)) (/home/delta/.miktex/texmfs/install/tex/generic/pgf/utilities/pgffor.code.tex
Package: pgffor 2023-01-15 v3.1.10 (3.1.10)
\pgffor@iter=\dimen303
\pgffor@skip=\dimen304
\pgffor@stack=\toks50
\pgffor@toks=\toks51
)) (/home/delta/.miktex/texmfs/install/tex/generic/pgf/frontendlayer/tikz/tikz.code.tex
Package: tikz 2023-01-15 v3.1.10 (3.1.10)
 (/home/delta/.miktex/texmfs/install/tex/generic/pgf/libraries/pgflibraryplothandlers.code.tex
File: pgflibraryplothandlers.code.tex 2023-01-15 v3.1.10 (3.1.10)
\pgf@plot@mark@count=\count357
\pgfplotmarksize=\dimen305
)
\tikz@lastx=\dimen306
\tikz@lasty=\dimen307
\tikz@lastxsaved=\dimen308
\tikz@lastysaved=\dimen309
\tikz@lastmovetox=\dimen310
\tikz@lastmovetoy=\dimen311
\tikzleveldistance=\dimen312
\tikzsiblingdistance=\dimen313
\tikz@figbox=\box117
\tikz@figbox@bg=\box118
\tikz@tempbox=\box119
\tikz@tempbox@bg=\box120
\tikztreelevel=\count358
\tikznumberofchildren=\count359
\tikznumberofcurrentchild=\count360
\tikz@fig@count=\count361
 (/home/delta/.miktex/texmfs/install/tex/generic/pgf/modules/pgfmodulematrix.code.tex
File: pgfmodulematrix.code.tex 2023-01-15 v3.1.10 (3.1.10)
\pgfmatrixcurrentrow=\count362
\pgfmatrixcurrentcolumn=\count363
\pgf@matrix@numberofcolumns=\count364
)
\tikz@expandcount=\count365
 (/home/delta/.miktex/texmfs/install/tex/generic/pgf/frontendlayer/tikz/libraries/tikzlibrarytopaths.code.tex
File: tikzlibrarytopaths.code.tex 2023-01-15 v3.1.10 (3.1.10)
)))) (/home/delta/.miktex/texmfs/install/tex/latex/datetime/datetime.sty
Package: datetime 2015/03/20 v2.60 Date Time Package
 (/home/delta/.miktex/texmfs/install/tex/latex/fmtcount/fmtcount.sty
Package: fmtcount 2020/01/30 v3.07
 (/home/delta/.miktex/texmfs/install/tex/latex/fmtcount/fcprefix.sty
Package: fcprefix 2012/09/28
 (/home/delta/.miktex/texmfs/install/tex/latex/fmtcount/fcnumparser.sty
Package: fcnumparser 2017/06/15
\fc@digit@counter=\count366
))
\c@padzeroesN=\count367
\fc@tmpcatcode=\count368
 (/home/delta/.miktex/texmfs/install/tex/latex/fmtcount/fc-english.def
File: fc-english.def 2016/01/12
) (/home/delta/.miktex/texmfs/install/tex/latex/fmtcount/fc-portuges.def
File: fc-portuges.def 2017/12/26
)
\@DT@modctr=\count369
\@ordinalctr=\count370
\@orgargctr=\count371
\@strctr=\count372
\@tmpstrctr=\count373
\@DT@loopN=\count374
\@DT@X=\count375
) (/home/delta/.miktex/texmfs/install/tex/latex/datetime/datetime-defaults.sty
Package: datetime-defaults 2013/09/10
)
\@day=\count376
\@month=\count377
\@year=\count378
\c@HOUR=\count379
\c@HOURXII=\count380
\c@MINUTE=\count381
\c@TOHOUR=\count382
\c@TOMINUTE=\count383
\c@SECOND=\count384
\currenthour=\count385
\currentminute=\count386
\currentsecond=\count387
Package datetime Info: No datetime.cfg file found, using default settings on input line 308.
\@dtctr=\count388
\dayofyear=\count389
\dayofweek=\count390
LaTeX Info: Redefining \today on input line 736.
 (/home/delta/.miktex/texmfs/install/tex/latex/datetime/dt-portuges.def
File: dt-portuges.def 2013/09/10
LaTeX Info: Redefining \dateportuges on input line 75.
)
\dt@a=\toks52
\dt@b=\toks53
) (/home/delta/.miktex/texmfs/install/tex/latex/setspace/setspace.sty
Package: setspace 2022/12/04 v6.7b set line spacing
) (/home/delta/.miktex/texmfs/install/tex/latex/tools/indentfirst.sty
Package: indentfirst 2023/07/02 v1.03 Indent first paragraph (DPC)
) (/home/delta/.miktex/texmfs/install/tex/latex/appendix/appendix.sty
Package: appendix 2020/02/08 v1.2c extra appendix facilities
\c@@pps=\count391
\c@@ppsavesec=\count392
\c@@ppsaveapp=\count393
) (/home/delta/.miktex/texmfs/install/tex/latex/tcolorbox/tcolorbox.sty
Package: tcolorbox 2024/01/10 version 6.2.0 text color boxes
 (/home/delta/.miktex/texmfs/install/tex/latex/tools/verbatim.sty
Package: verbatim 2024-01-22 v1.5x LaTeX2e package for verbatim enhancements
\every@verbatim=\toks54
\verbatim@line=\toks55
\verbatim@in@stream=\read4
) (/home/delta/.miktex/texmfs/install/tex/latex/environ/environ.sty
Package: environ 2014/05/04 v0.3 A new way to define environments
 (/home/delta/.miktex/texmfs/install/tex/latex/trimspaces/trimspaces.sty
Package: trimspaces 2009/09/17 v1.1 Trim spaces around a token list
))
\tcb@titlebox=\box121
\tcb@upperbox=\box122
\tcb@lowerbox=\box123
\tcb@phantombox=\box124
\c@tcbbreakpart=\count394
\c@tcblayer=\count395
\c@tcolorbox@number=\count396
\l__tcobox_tmpa_box=\box125
\l__tcobox_tmpa_dim=\dimen314
\tcb@temp=\box126
\tcb@temp=\box127
\tcb@temp=\box128
\tcb@temp=\box129
) (/home/delta/.miktex/texmfs/install/tex/latex/colortbl/colortbl.sty
Package: colortbl 2024/05/26 v1.0h Color table columns (DPC)
\everycr=\toks56
\minrowclearance=\skip77
\rownum=\count397
) (/home/delta/.miktex/texmfs/install/tex/latex/float/float.sty
Package: float 2001/11/08 v1.3d Float enhancements (AL)
\c@float@type=\count398
\float@exts=\toks57
\float@box=\box130
\@float@everytoks=\toks58
\@floatcapt=\box131
) (/home/delta/.miktex/texmfs/install/tex/latex/footmisc/footmisc.sty
Package: footmisc 2023/07/05 v6.0f a miscellany of footnote facilities
\FN@temptoken=\toks59
\footnotemargin=\dimen315
\@outputbox@depth=\dimen316
Package footmisc Info: Declaring symbol style bringhurst on input line 696.
Package footmisc Info: Declaring symbol style chicago on input line 704.
Package footmisc Info: Declaring symbol style wiley on input line 713.
Package footmisc Info: Declaring symbol style lamport-robust on input line 724.
Package footmisc Info: Declaring symbol style lamport* on input line 744.
Package footmisc Info: Declaring symbol style lamport*-robust on input line 765.
) (/home/delta/.miktex/texmfs/install/tex/latex/enumitem/enumitem.sty
Package: enumitem 2019/06/20 v3.9 Customized lists
\labelindent=\skip78
\enit@outerparindent=\dimen317
\enit@toks=\toks60
\enit@inbox=\box132
\enit@count@id=\count399
\enitdp@description=\count400
) (/home/delta/.miktex/texmfs/install/tex/latex/pgfgantt/pgfgantt.sty
Package: pgfgantt 2018/01/10 v5.0 Draw Gantt diagrams with TikZ
 (/home/delta/.miktex/texmfs/install/tex/generic/pgf/frontendlayer/tikz/libraries/tikzlibraryarrows.code.tex
File: tikzlibraryarrows.code.tex 2023-01-15 v3.1.10 (3.1.10)
 (/home/delta/.miktex/texmfs/install/tex/generic/pgf/libraries/pgflibraryarrows.code.tex
File: pgflibraryarrows.code.tex 2023-01-15 v3.1.10 (3.1.10)
\arrowsize=\dimen318
)) (/home/delta/.miktex/texmfs/install/tex/generic/pgf/frontendlayer/tikz/libraries/tikzlibrarybackgrounds.code.tex
File: tikzlibrarybackgrounds.code.tex 2023-01-15 v3.1.10 (3.1.10)
\pgf@layerbox@background=\box133
\pgf@layerboxsaved@background=\box134
) (/home/delta/.miktex/texmfs/install/tex/generic/pgf/frontendlayer/tikz/libraries/tikzlibrarycalc.code.tex
File: tikzlibrarycalc.code.tex 2023-01-15 v3.1.10 (3.1.10)
) (/home/delta/.miktex/texmfs/install/tex/generic/pgf/frontendlayer/tikz/libraries/tikzlibrarypatterns.code.tex
File: tikzlibrarypatterns.code.tex 2023-01-15 v3.1.10 (3.1.10)
 (/home/delta/.miktex/texmfs/install/tex/generic/pgf/libraries/pgflibrarypatterns.code.tex
File: pgflibrarypatterns.code.tex 2023-01-15 v3.1.10 (3.1.10)
)) (/home/delta/.miktex/texmfs/install/tex/generic/pgf/frontendlayer/tikz/libraries/tikzlibrarypositioning.code.tex
File: tikzlibrarypositioning.code.tex 2023-01-15 v3.1.10 (3.1.10)
) (/home/delta/.miktex/texmfs/install/tex/generic/pgf/frontendlayer/tikz/libraries/tikzlibraryshapes.geometric.code.tex
File: tikzlibraryshapes.geometric.code.tex 2023-01-15 v3.1.10 (3.1.10)
 (/home/delta/.miktex/texmfs/install/tex/generic/pgf/libraries/shapes/pgflibraryshapes.geometric.code.tex
File: pgflibraryshapes.geometric.code.tex 2023-01-15 v3.1.10 (3.1.10)
)) (/home/delta/.miktex/texmfs/install/tex/latex/pgf/utilities/pgfcalendar.sty (/home/delta/.miktex/texmfs/install/tex/generic/pgf/utilities/pgfcalendar.code.tex
File: pgfcalendar.code.tex 2023-01-15 v3.1.10 (3.1.10)
\pgfcalendarcurrentjulian=\count401
\pgf@cal@easter@Y=\count402
\pgf@cal@easter@G=\count403
\pgf@cal@easter@C=\count404
\pgf@cal@easter@X=\count405
\pgf@cal@easter@Z=\count406
\pgf@cal@easter@D=\count407
\pgf@cal@easter@E=\count408
\pgf@cal@easter@N=\count409
\pgf@cal@easter@M=\count410
\pgf@cal@easter@julianday=\count411
))
\gtt@currentline=\count412
\gtt@lasttitleline=\count413
\gtt@currgrid=\count414
\gtt@chartwidth=\count415
\gtt@lasttitleslot=\count416
\gtt@elementid=\count417
\gtt@today@slot=\count418
\gtt@startjulian=\count419
\gtt@endjulian=\count420
\gtt@chartid=\count421
\gtt@vrule@slot=\count422
\gtt@calendar@slots=\count423
\gtt@calendar@weeknumber=\count424
\gtt@calendar@startofweek=\count425
\gtt@left@slot=\count426
\gtt@right@slot=\count427
) (/home/delta/.miktex/texmfs/install/tex/latex/fancyhdr/fancyhdr.sty
Package: fancyhdr 2024/04/23 v4.2 Extensive control of page headers and footers
\f@nch@headwidth=\skip79
\f@nch@O@elh=\skip80
\f@nch@O@erh=\skip81
\f@nch@O@olh=\skip82
\f@nch@O@orh=\skip83
\f@nch@O@elf=\skip84
\f@nch@O@erf=\skip85
\f@nch@O@olf=\skip86
\f@nch@O@orf=\skip87
) (/home/delta/.miktex/texmfs/install/tex/latex/lastpage/lastpage.sty
Package: lastpage 2024/04/27 v2.1a lastpage: 2.09 or 2e? (HMM)
 (/home/delta/.miktex/texmfs/install/tex/latex/lastpage/lastpage2e.sty
Package: lastpage2e 2024/04/27 v2.1a Decide which 2e lastpage version to use (HMM)
 (/home/delta/.miktex/texmfs/install/tex/latex/lastpage/lastpagemodern.sty
Package: lastpagemodern 2024-04-27 v2.1a Refers to last page's name (HMM; JPG)
\c@lastpagecount=\count428
) 
)) (/home/delta/.miktex/texmfs/install/tex/latex/listings/listings.sty
\lst@mode=\count429
\lst@gtempboxa=\box135
\lst@token=\toks61
\lst@length=\count430
\lst@currlwidth=\dimen319
\lst@column=\count431
\lst@pos=\count432
\lst@lostspace=\dimen320
\lst@width=\dimen321
\lst@newlines=\count433
\lst@lineno=\count434
\lst@maxwidth=\dimen322
 (/home/delta/.miktex/texmfs/install/tex/latex/listings/lstpatch.sty
File: lstpatch.sty 2024/05/25 1.10b (Carsten Heinz)
) (/home/delta/.miktex/texmfs/install/tex/latex/listings/lstmisc.sty
File: lstmisc.sty 2024/05/25 1.10b (Carsten Heinz)
\c@lstnumber=\count435
\lst@skipnumbers=\count436
\lst@framebox=\box136
) (/home/delta/.miktex/texmfs/install/tex/latex/listings/listings.cfg
File: listings.cfg 2024/05/25 1.10b listings configuration
))
Package: listings 2024/05/25 1.10b (Carsten Heinz)
 (/home/delta/.miktex/texmfs/install/tex/latex/todonotes/todonotes.sty
Package: todonotes 2024/01/05 v1.1.7 Todonotes source and documentation.
Package: todonotes 2024/01/05
 (/home/delta/.miktex/texmfs/install/tex/latex/tools/calc.sty
Package: calc 2023/07/08 v4.3 Infix arithmetic (KKT,FJ)
\calc@Acount=\count437
\calc@Bcount=\count438
\calc@Adimen=\dimen323
\calc@Bdimen=\dimen324
\calc@Askip=\skip88
\calc@Bskip=\skip89
LaTeX Info: Redefining \setlength on input line 80.
LaTeX Info: Redefining \addtolength on input line 81.
\calc@Ccount=\count439
\calc@Cskip=\skip90
)
\c@@todonotes@numberoftodonotes=\count440
) (/home/delta/.miktex/texmfs/install/tex/latex/pdflscape/pdflscape.sty
Package: pdflscape 2022-10-27 v0.13 Display of landscape pages in PDF
 (/home/delta/.miktex/texmfs/install/tex/latex/pdflscape/pdflscape-nometadata.sty
Package: pdflscape-nometadata 2022-10-28 v0.13 Display of landscape pages in PDF (HO)
 (/home/delta/.miktex/texmfs/install/tex/latex/graphics/lscape.sty
Package: lscape 2020/05/28 v3.02 Landscape Pages (DPC)
)
Package pdflscape Info: Auto-detected driver: pdftex on input line 81.
)) (/home/delta/.miktex/texmfs/install/tex/latex/graphics/rotating.sty
Package: rotating 2016/08/11 v2.16d rotated objects in LaTeX
\c@r@tfl@t=\count441
\rotFPtop=\skip91
\rotFPbot=\skip92
\rot@float@box=\box137
\rot@mess@toks=\toks62
) (/home/delta/.miktex/texmfs/install/tex/latex/numprint/numprint.sty
Package: numprint 2012/08/20 v1.39 Print numbers (HH)
\c@nprt@mantissa@digitsbefore=\count442
\c@nprt@mantissa@digitsafter=\count443
\c@nprt@exponent@digitsbefore=\count444
\c@nprt@exponent@digitsafter=\count445
\nprt@digitwidth=\skip93
\nprt@sepwidth=\skip94
\nprt@decimalwidth=\skip95
\nprt@blockwidth=\skip96
\nprt@digittoks=\toks63
\nprt@pretoks=\toks64
\nprt@posttoks=\toks65
\nprt@thisdigit=\count446
\nprt@curpos=\count447
\nprt@rndpos=\count448
\c@nprt@digitsfirstblock=\count449
\c@nprt@blockcnt=\count450
\c@nprt@cntprint=\count451
 No configuration file `numprint.cfg' found.) (/home/delta/.miktex/texmfs/install/tex/latex/biblatex/biblatex.sty
Package: biblatex 2024/03/21 v3.20 programmable bibliographies (PK/MW)
 (/home/delta/.miktex/texmfs/install/tex/latex/logreq/logreq.sty
Package: logreq 2010/08/04 v1.0 xml request logger
\lrq@indent=\count452
 (/home/delta/.miktex/texmfs/install/tex/latex/logreq/logreq.def
File: logreq.def 2010/08/04 v1.0 logreq spec v1.0
))
\c@tabx@nest=\count453
\c@listtotal=\count454
\c@listcount=\count455
\c@liststart=\count456
\c@liststop=\count457
\c@citecount=\count458
\c@citetotal=\count459
\c@multicitecount=\count460
\c@multicitetotal=\count461
\c@instcount=\count462
\c@maxnames=\count463
\c@minnames=\count464
\c@maxitems=\count465
\c@minitems=\count466
\c@citecounter=\count467
\c@maxcitecounter=\count468
\c@savedcitecounter=\count469
\c@uniquelist=\count470
\c@uniquename=\count471
\c@refsection=\count472
\c@refsegment=\count473
\c@maxextratitle=\count474
\c@maxextratitleyear=\count475
\c@maxextraname=\count476
\c@maxextradate=\count477
\c@maxextraalpha=\count478
\c@abbrvpenalty=\count479
\c@highnamepenalty=\count480
\c@lownamepenalty=\count481
\c@maxparens=\count482
\c@parenlevel=\count483
\blx@tempcnta=\count484
\blx@tempcntb=\count485
\blx@tempcntc=\count486
\c@blx@maxsection=\count487
\blx@maxsegment@0=\count488
\blx@notetype=\count489
\blx@parenlevel@text=\count490
\blx@parenlevel@foot=\count491
\blx@sectionciteorder@0=\count492
\blx@sectionciteorderinternal@0=\count493
\blx@entrysetcounter=\count494
\blx@biblioinstance=\count495
\labelnumberwidth=\skip97
\labelalphawidth=\skip98
\biblabelsep=\skip99
\bibitemsep=\skip100
\bibnamesep=\skip101
\bibinitsep=\skip102
\bibparsep=\skip103
\bibhang=\skip104
\blx@bcfin=\read5
\blx@bcfout=\write5
\blx@langwohyphens=\language3
\c@mincomprange=\count496
\c@maxcomprange=\count497
\c@mincompwidth=\count498
Package biblatex Info: Trying to load biblatex default data model...
Package biblatex Info: ... file 'blx-dm.def' found.
 (/home/delta/.miktex/texmfs/install/tex/latex/biblatex/blx-dm.def
File: blx-dm.def 2024/03/21 v3.20 biblatex datamodel (PK/MW)
)
Package biblatex Info: Trying to load biblatex custom data model...
Package biblatex Info: ... file 'biblatex-dm.cfg' not found.
\c@afterword=\count499
\c@savedafterword=\count500
\c@annotator=\count501
\c@savedannotator=\count502
\c@author=\count503
\c@savedauthor=\count504
\c@bookauthor=\count505
\c@savedbookauthor=\count506
\c@commentator=\count507
\c@savedcommentator=\count508
\c@editor=\count509
\c@savededitor=\count510
\c@editora=\count511
\c@savededitora=\count512
\c@editorb=\count513
\c@savededitorb=\count514
\c@editorc=\count515
\c@savededitorc=\count516
\c@foreword=\count517
\c@savedforeword=\count518
\c@holder=\count519
\c@savedholder=\count520
\c@introduction=\count521
\c@savedintroduction=\count522
\c@namea=\count523
\c@savednamea=\count524
\c@nameb=\count525
\c@savednameb=\count526
\c@namec=\count527
\c@savednamec=\count528
\c@translator=\count529
\c@savedtranslator=\count530
\c@shortauthor=\count531
\c@savedshortauthor=\count532
\c@shorteditor=\count533
\c@savedshorteditor=\count534
\c@labelname=\count535
\c@savedlabelname=\count536
\c@institution=\count537
\c@savedinstitution=\count538
\c@lista=\count539
\c@savedlista=\count540
\c@listb=\count541
\c@savedlistb=\count542
\c@listc=\count543
\c@savedlistc=\count544
\c@listd=\count545
\c@savedlistd=\count546
\c@liste=\count547
\c@savedliste=\count548
\c@listf=\count549
\c@savedlistf=\count550
\c@location=\count551
\c@savedlocation=\count552
\c@organization=\count553
\c@savedorganization=\count554
\c@origlocation=\count555
\c@savedoriglocation=\count556
\c@origpublisher=\count557
\c@savedorigpublisher=\count558
\c@publisher=\count559
\c@savedpublisher=\count560
\c@language=\count561
\c@savedlanguage=\count562
\c@origlanguage=\count563
\c@savedoriglanguage=\count564
\c@pageref=\count565
\c@savedpageref=\count566
\shorthandwidth=\skip105
\shortjournalwidth=\skip106
\shortserieswidth=\skip107
\shorttitlewidth=\skip108
\shortauthorwidth=\skip109
\shorteditorwidth=\skip110
\locallabelnumberwidth=\skip111
\locallabelalphawidth=\skip112
\localshorthandwidth=\skip113
\localshortjournalwidth=\skip114
\localshortserieswidth=\skip115
\localshorttitlewidth=\skip116
\localshortauthorwidth=\skip117
\localshorteditorwidth=\skip118
Package biblatex Info: Trying to load compatibility code...
Package biblatex Info: ... file 'blx-compat.def' found.
 (/home/delta/.miktex/texmfs/install/tex/latex/biblatex/blx-compat.def
File: blx-compat.def 2024/03/21 v3.20 biblatex compatibility (PK/MW)
)
Package biblatex Info: Trying to load generic definitions...
Package biblatex Info: ... file 'biblatex.def' found.
 (/home/delta/.miktex/texmfs/install/tex/latex/biblatex/biblatex.def
File: biblatex.def 2024/03/21 v3.20 biblatex compatibility (PK/MW)
\c@textcitecount=\count567
\c@textcitetotal=\count568
\c@textcitemaxnames=\count569
\c@biburlbigbreakpenalty=\count570
\c@biburlbreakpenalty=\count571
\c@biburlnumpenalty=\count572
\c@biburlucpenalty=\count573
\c@biburllcpenalty=\count574
\biburlbigskip=\muskip19
\biburlnumskip=\muskip20
\biburlucskip=\muskip21
\biburllcskip=\muskip22
\c@smartand=\count575
)
Package biblatex Info: Trying to load bibliography style 'numeric'...
Package biblatex Info: ... file 'numeric.bbx' found.
 (/home/delta/.miktex/texmfs/install/tex/latex/biblatex/bbx/numeric.bbx
File: numeric.bbx 2024/03/21 v3.20 biblatex bibliography style (PK/MW)
Package biblatex Info: Trying to load bibliography style 'standard'...
Package biblatex Info: ... file 'standard.bbx' found.
 (/home/delta/.miktex/texmfs/install/tex/latex/biblatex/bbx/standard.bbx
File: standard.bbx 2024/03/21 v3.20 biblatex bibliography style (PK/MW)
\c@bbx:relatedcount=\count576
\c@bbx:relatedtotal=\count577
))
Package biblatex Info: Trying to load citation style 'numeric'...
Package biblatex Info: ... file 'numeric.cbx' found.
 (/home/delta/.miktex/texmfs/install/tex/latex/biblatex/cbx/numeric.cbx
File: numeric.cbx 2024/03/21 v3.20 biblatex citation style (PK/MW)
Package biblatex Info: Redefining '\cite'.
Package biblatex Info: Redefining '\parencite'.
Package biblatex Info: Redefining '\footcite'.
Package biblatex Info: Redefining '\footcitetext'.
Package biblatex Info: Redefining '\smartcite'.
Package biblatex Info: Redefining '\supercite'.
Package biblatex Info: Redefining '\textcite'.
Package biblatex Info: Redefining '\textcites'.
Package biblatex Info: Redefining '\cites'.
Package biblatex Info: Redefining '\parencites'.
Package biblatex Info: Redefining '\smartcites'.
)
Package biblatex Info: Trying to load configuration file...
Package biblatex Info: ... file 'biblatex.cfg' found.
 (/home/delta/.miktex/texmfs/install/tex/latex/biblatex/biblatex.cfg
File: biblatex.cfg 
)
Package biblatex Info: Input encoding 'utf8' detected.
Package biblatex Info: Document encoding is UTF8 ....
 (/home/delta/.miktex/texmfs/install/tex/latex/l3kernel/expl3.sty
Package: expl3 2024-05-27 L3 programming layer (loader) 
 (/home/delta/.miktex/texmfs/install/tex/latex/l3backend/l3backend-pdftex.def
File: l3backend-pdftex.def 2024-05-08 L3 backend support: PDF output (pdfTeX)
\l__color_backend_stack_int=\count578
\l__pdf_internal_box=\box138
))
Package biblatex Info: ... and expl3
(biblatex)             2024-05-27 L3 programming layer (loader) 
(biblatex)             is new enough (at least 2020/04/06),
(biblatex)             setting 'casechanger=expl3'.
 (/home/delta/.miktex/texmfs/install/tex/latex/biblatex/blx-case-expl3.sty (/home/delta/.miktex/texmfs/install/tex/latex/l3packages/xparse/xparse.sty
Package: xparse 2024-05-08 L3 Experimental document command parser
)
Package: blx-case-expl3 2024/03/21 v3.20 expl3 case changing code for biblatex
)) (/home/delta/.miktex/texmfs/install/tex/latex/caption/caption.sty
Package: caption 2023/08/05 v3.6o Customizing captions (AR)
 (/home/delta/.miktex/texmfs/install/tex/latex/caption/caption3.sty
Package: caption3 2023/07/31 v2.4d caption3 kernel (AR)
\caption@tempdima=\dimen325
\captionmargin=\dimen326
\caption@leftmargin=\dimen327
\caption@rightmargin=\dimen328
\caption@width=\dimen329
\caption@indent=\dimen330
\caption@parindent=\dimen331
\caption@hangindent=\dimen332
Package caption Info: Standard document class detected.
)
\c@caption@flags=\count579
\c@continuedfloat=\count580
Package caption Info: float package is loaded.
Package caption Info: hyperref package is loaded.
Package caption Info: listings package is loaded.
Package caption Info: longtable package is loaded.
 (/home/delta/.miktex/texmfs/install/tex/latex/caption/ltcaption.sty
Package: ltcaption 2021/01/08 v1.4c longtable captions (AR)
)
Package caption Info: rotating package is loaded.
Package caption Info: supertabular package is loaded.
) (/home/delta/.miktex/texmfs/install/tex/latex/listings/lstlang1.sty
File: lstlang1.sty 2024/05/25 1.10b listings language file
) (/home/delta/.miktex/texmfs/install/tex/latex/listings/lstlang1.sty
File: lstlang1.sty 2024/05/25 1.10b listings language file
) (/home/delta/.miktex/texmfs/install/tex/latex/listings/lstlang1.sty
File: lstlang1.sty 2024/05/25 1.10b listings language file
) (/home/delta/.miktex/texmfs/install/tex/latex/listings/lstlang1.sty
File: lstlang1.sty 2024/05/25 1.10b listings language file
) (/home/delta/.miktex/texmfs/install/tex/latex/psnfss/pifont.sty
Package: pifont 2020/03/25 PSNFSS-v9.3 Pi font support (SPQR) 
LaTeX Font Info:    Trying to load font information for U+pzd on input line 63.
 (/home/delta/.miktex/texmfs/install/tex/latex/psnfss/upzd.fd
File: upzd.fd 2001/06/04 font definitions for U/pzd.
)
LaTeX Font Info:    Trying to load font information for U+psy on input line 64.
 (/home/delta/.miktex/texmfs/install/tex/latex/psnfss/upsy.fd
File: upsy.fd 2001/06/04 font definitions for U/psy.
)) (/home/delta/.miktex/texmfs/install/tex/latex/newunicodechar/newunicodechar.sty
Package: newunicodechar 2018/04/08 v1.2 Defining Unicode characters
) (_acro_list.tex)
\glswrite=\write6
\glo@main@file=\write7
\openout7 = `main.glo'.

Package glossaries Info: Writing glossary file main.glo on input line 134.
\glo@acronym@file=\write8
\openout8 = `main.acn'.

Package glossaries Info: Writing glossary file main.acn on input line 134.
 (vars.tex)
Package csquotes Info: Checking for multilingual support...
Package csquotes Info: ... found 'babel' package.
Package csquotes Info: Adjusting default style.
Package csquotes Info: Redefining alias 'default' -> 'portuges'.
 (main.aux (00-Capa.aux) (01-Ficha.aux) (03-Abstract.aux) (05-Ack.aux) (07-Contents.aux) (09-Siglas.aux) (10-Intro.aux) (15-Problem.aux) (20-Theory.aux) (32-Art.aux) (40-Experiments.aux

LaTeX Warning: Label `fig:bookstack' multiply defined.


LaTeX Warning: Label `fig:bookstack' multiply defined.


LaTeX Warning: Label `fig:bookstack' multiply defined.


LaTeX Warning: Label `fig:bookstack' multiply defined.


LaTeX Warning: Label `fig:bookstack' multiply defined.


LaTeX Warning: Label `fig:bookstack' multiply defined.


LaTeX Warning: Label `fig:bookstack' multiply defined.


LaTeX Warning: Label `fig:bookstack' multiply defined.


LaTeX Warning: Label `fig:bookstack' multiply defined.


LaTeX Warning: Label `fig:bookstack' multiply defined.


LaTeX Warning: Label `fig:bookstack' multiply defined.


LaTeX Warning: Label `fig:bookstack' multiply defined.


LaTeX Warning: Label `fig:bookstack' multiply defined.

) (80-Detour.aux) (90-Results.aux) (B0-Future.aux) (F0-Conclusion.aux) (ZA-Annex-codigo-ifs-firewall.aux) (ZB-Annex-codigoexecutarcmd.aux) (ZC-Annex-codigolxdapi.aux) (ZD-Annex-codigolxdapiremove.aux) (ZE-Annex-cdigo-basehtml.aux) (ZF-Annex-codigobotteams.aux))
\openout1 = `main.aux'.

LaTeX Font Info:    Checking defaults for OML/cmm/m/it on input line 151.
LaTeX Font Info:    ... okay on input line 151.
LaTeX Font Info:    Checking defaults for OMS/cmsy/m/n on input line 151.
LaTeX Font Info:    ... okay on input line 151.
LaTeX Font Info:    Checking defaults for OT1/cmr/m/n on input line 151.
LaTeX Font Info:    ... okay on input line 151.
LaTeX Font Info:    Checking defaults for T1/cmr/m/n on input line 151.
LaTeX Font Info:    ... okay on input line 151.
LaTeX Font Info:    Checking defaults for TS1/cmr/m/n on input line 151.
LaTeX Font Info:    ... okay on input line 151.
LaTeX Font Info:    Checking defaults for OMX/cmex/m/n on input line 151.
LaTeX Font Info:    ... okay on input line 151.
LaTeX Font Info:    Checking defaults for U/cmr/m/n on input line 151.
LaTeX Font Info:    ... okay on input line 151.
LaTeX Font Info:    Checking defaults for PD1/pdf/m/n on input line 151.
LaTeX Font Info:    ... okay on input line 151.
LaTeX Font Info:    Checking defaults for PU/pdf/m/n on input line 151.
LaTeX Font Info:    ... okay on input line 151.
 (/home/delta/.miktex/texmfs/install/tex/context/base/mkii/supp-pdf.mkii
[Loading MPS to PDF converter (version 2006.09.02).]
\scratchcounter=\count581
\scratchdimen=\dimen333
\scratchbox=\box139
\nofMPsegments=\count582
\nofMParguments=\count583
\everyMPshowfont=\toks66
\MPscratchCnt=\count584
\MPscratchDim=\dimen334
\MPnumerator=\count585
\makeMPintoPDFobject=\count586
\everyMPtoPDFconversion=\toks67
) (/home/delta/.miktex/texmfs/install/tex/latex/epstopdf-pkg/epstopdf-base.sty
Package: epstopdf-base 2020-01-24 v2.11 Base part for package epstopdf
Package epstopdf-base Info: Redefining graphics rule for `.eps' on input line 485.
 (/home/delta/.miktex/texmfs/install/tex/latex/00miktex/epstopdf-sys.cfg
File: epstopdf-sys.cfg 2021/03/18 v2.0 Configuration of epstopdf for MiKTeX
))
*geometry* driver: auto-detecting
*geometry* detected driver: pdftex
*geometry* verbose mode - [ preamble ] result:
* driver: pdftex
* paper: a4paper
* layout: <same size as paper>
* layoutoffset:(h,v)=(0.0pt,0.0pt)
* modes: 
* h-part:(L,W,R)=(85.35826pt, 426.79135pt, 85.35826pt)
* v-part:(T,H,B)=(85.35826pt, 674.33032pt, 85.35826pt)
* \paperwidth=597.50787pt
* \paperheight=845.04684pt
* \textwidth=426.79135pt
* \textheight=674.33032pt
* \oddsidemargin=13.08827pt
* \evensidemargin=13.08827pt
* \topmargin=-23.91173pt
* \headheight=12.0pt
* \headsep=25.0pt
* \topskip=11.0pt
* \footskip=30.0pt
* \marginparwidth=56.9055pt
* \marginparsep=10.0pt
* \columnsep=10.0pt
* \skip\footins=10.0pt plus 4.0pt minus 2.0pt
* \hoffset=0.0pt
* \voffset=0.0pt
* \mag=1000
* \@twocolumnfalse
* \@twosidefalse
* \@mparswitchfalse
* \@reversemarginfalse
* (1in=72.27pt=25.4mm, 1cm=28.453pt)

Package hyperref Info: Link coloring OFF on input line 151.
(main.out) (main.out)
\@outlinefile=\write9
\openout9 = `main.out'.

 (/home/delta/.miktex/texmfs/install/tex/latex/translator/translator-months-dictionary-English.dict
Dictionary: translator-months-dictionary, Language: English 
)
\c@lstlisting=\count587
Package biblatex Info: Trying to load language 'portuges'...
Package biblatex Info: ... file 'portuges.lbx' found.
 (/home/delta/.miktex/texmfs/install/tex/latex/biblatex/lbx/portuges.lbx
File: portuges.lbx 2024/03/21 v3.20 biblatex localization (PK/MW)
Package biblatex Info: Trying to load language 'portuguese'...
Package biblatex Info: ... file 'portuguese.lbx' found.
 (/home/delta/.miktex/texmfs/install/tex/latex/biblatex/lbx/portuguese.lbx
File: portuguese.lbx 2024/03/21 v3.20 biblatex localization (PK/MW)
)
Package biblatex Info: Trying to load language 'portuguese'...
Package biblatex Info: ... file 'portuguese.lbx' found.
 (/home/delta/.miktex/texmfs/install/tex/latex/biblatex/lbx/portuguese.lbx
File: portuguese.lbx 2024/03/21 v3.20 biblatex localization (PK/MW)
))
Package biblatex Info: Trying to load language 'english'...
Package biblatex Info: ... file 'english.lbx' found.
 (/home/delta/.miktex/texmfs/install/tex/latex/biblatex/lbx/english.lbx
File: english.lbx 2024/03/21 v3.20 biblatex localization (PK/MW)
)
Package biblatex Info: Input encoding 'utf8' detected.
Package biblatex Info: Automatic encoding selection.
(biblatex)             Assuming data encoding 'utf8'.
\openout5 = `main.bcf'.

Package biblatex Info: Trying to load bibliographic data...
Package biblatex Info: ... file 'main.bbl' found.
 (main.bbl)
Package biblatex Info: Reference section=0 on input line 151.
Package biblatex Info: Reference segment=0 on input line 151.
Package caption Info: Begin \AtBeginDocument code.
Package caption Info: End \AtBeginDocument code.
\openout2 = `00-Capa.aux'.

 (00-Capa.tex
<figs/logo_ipmaia_small.png, id=281, 53.7207pt x 21.681pt>
File: figs/logo_ipmaia_small.png Graphic file (type png)
<use figs/logo_ipmaia_small.png>
Package pdftex.def Info: figs/logo_ipmaia_small.png  used on input line 5.
(pdftex.def)             Requested size: 214.88226pt x 86.72375pt.


[1

\openout6 = `main.ist'.


{/home/delta/.miktex/texmfs/data/fonts/map/pdftex/pdftex.map} <./figs/logo_ipmaia_small.png>])
\openout2 = `01-Ficha.aux'.

 (01-Ficha.tex)
\openout2 = `03-Abstract.aux'.

 (03-Abstract.tex
Underfull \hbox (badness 10000) in paragraph at lines 4--15

 []


Underfull \hbox (badness 10000) in paragraph at lines 4--15

 []



[1






]
Underfull \hbox (badness 10000) in paragraph at lines 22--31

 []


Underfull \hbox (badness 10000) in paragraph at lines 22--31

 []




pdfTeX warning (ext4): destination with the same identifier (name{page.i}) has been already used, duplicate ignored
<to be read again> 
                   \relax 
l.33 \end{abstract}
                    [1])


pdfTeX warning (ext4): destination with the same identifier (name{page.i}) has been already used, duplicate ignored
<to be read again> 
                   \relax 
l.156 \include{03-Abstract}
                            [1

]
\openout2 = `05-Ack.aux'.

 (05-Ack.tex)

[2




]
\openout2 = `07-Contents.aux'.

 (07-Contents.tex (main.toc

[3




]

[4])
\tf@toc=\write10
\openout10 = `main.toc'.



[5] (main.lot)
\tf@lot=\write11
\openout11 = `main.lot'.



[6

] (main.lof)
\tf@lof=\write12
\openout12 = `main.lof'.



[7

] (main.lol

[8

]
Overfull \hbox (2.18996pt too wide) detected at line 31
 []\OT1/cmr/m/n/10.95 A11
 []


Overfull \hbox (2.18996pt too wide) detected at line 32
 []\OT1/cmr/m/n/10.95 A13
 []

)
\tf@lol=\write13
\openout13 = `main.lol'.

)

[9]
\openout2 = `09-Siglas.aux'.

 (09-Siglas.tex
No file main.acr.
No file main.gls.
)

[10



]
\openout2 = `10-Intro.aux'.

 (10-Intro.tex
Cap\'{\i }tulo 1.

Underfull \hbox (badness 10000) in paragraph at lines 14--15

 []


Overfull \hbox (13.54831pt too wide) in paragraph at lines 26--28
[]\OT1/cmr/m/n/10.95 Pretende-se, com este pro-jecto, acres-cen-tar fun-cional-i-dades/-fa-cil-i-tar tare-fas na plataforma
 []




pdfTeX warning (ext4): destination with the same identifier (name{page.1}) has been already used, duplicate ignored
<to be read again> 
                   \relax 
l.36 \item o
            s alunos que efetuaram um pedido de abertura de porta, receber n... [1




]
<figs/cronograma.png, id=541, 875.52094pt x 280.79906pt>
File: figs/cronograma.png Graphic file (type png)
<use figs/cronograma.png>
Package pdftex.def Info: figs/cronograma.png  used on input line 82.
(pdftex.def)             Requested size: 455.24408pt x 146.00778pt.

Overfull \hbox (28.45273pt too wide) in paragraph at lines 82--83
 [] 
 []



[2]

[3 <./figs/cronograma.png>])
Underfull \hbox (badness 10000) in paragraph at lines 131--162

 []


Underfull \hbox (badness 10000) in paragraph at lines 131--162

 []


Underfull \hbox (badness 10000) in paragraph at lines 131--162

 []


Underfull \hbox (badness 10000) in paragraph at lines 131--162

 []



[4]
\openout2 = `15-Problem.aux'.

 (15-Problem.tex
Cap\'{\i }tulo 2.
)

[5




]
\openout2 = `20-Theory.aux'.

 (20-Theory.tex
Cap\'{\i }tulo 3.

Underfull \hbox (badness 10000) in paragraph at lines 5--7

 []


Underfull \hbox (badness 10000) in paragraph at lines 333--335

 []



[6




]
Underfull \hbox (badness 10000) in paragraph at lines 357--359

 []


Underfull \hbox (badness 10000) in paragraph at lines 364--367

 []



[7]

LaTeX Warning: `h' float specifier changed to `ht'.



[8]

[9]
Underfull \hbox (badness 10000) in paragraph at lines 519--524

 []



[10]

[11])

[12]
\openout2 = `32-Art.aux'.

 (32-Art.tex
Cap\'{\i }tulo 4.

Underfull \hbox (badness 10000) in paragraph at lines 4--6

 []


Underfull \hbox (badness 10000) in paragraph at lines 9--11

 []


Underfull \hbox (badness 10000) in paragraph at lines 33--37

 []



[13




]
Underfull \hbox (badness 10000) in paragraph at lines 50--54

 []


Underfull \hbox (badness 10000) in paragraph at lines 60--65

 []


Underfull \hbox (badness 10000) in paragraph at lines 75--79

 []


Underfull \hbox (badness 10000) in paragraph at lines 82--85

 []


Underfull \hbox (badness 10000) in paragraph at lines 89--92

 []



[14]
Underfull \hbox (badness 10000) in paragraph at lines 107--111

 []

)

[15]
\openout2 = `40-Experiments.aux'.

 (40-Experiments.tex
Cap\'{\i }tulo 5.
<figs/estrutura2.png, id=633, 1093.08376pt x 1061.9675pt>
File: figs/estrutura2.png Graphic file (type png)
<use figs/estrutura2.png>
Package pdftex.def Info: figs/estrutura2.png  used on input line 22.
(pdftex.def)             Requested size: 398.33858pt x 386.99104pt.


[16




]

[17 <./figs/estrutura2.png>]
Overfull \hbox (8.74054pt too wide) in paragraph at lines 82--82
[]\OT1/cmtt/m/n/10.95 how you would like to use it? ('sys', 'data', 'crypt', 'lvm' or '?'for
 []



[18]
Underfull \hbox (badness 10000) in paragraph at lines 86--88

 []

Package hyperref Info: bookmark level for unknown lstlisting defaults to 0 on input line 105.

Overfull \hbox (0.61954pt too wide) in paragraph at lines 115--117
[]\OT1/cmr/m/n/10.95 Foi ati-vado o servi^^Xco do lxd como de-fault com o co-mando \OT1/cmtt/m/n/10.95 rc-update add lxd default
 []


Overfull \hbox (25.9866pt too wide) in paragraph at lines 132--132
[]\OT1/cmtt/m/n/10.95 Do you want to configure a new storage pool? (yes/no) [default=yes]: yes 
 []


Overfull \hbox (14.48923pt too wide) in paragraph at lines 132--132
[]\OT1/cmtt/m/n/10.95 Name of the storage backend to use (btrfs, dir, lvm, zfs) [default=zfs]:
 []


Overfull \hbox (14.48923pt too wide) in paragraph at lines 132--132
[]\OT1/cmtt/m/n/10.95 Would you like to connect to a MAAS server? (yes/no) [default=no]: no; 
 []


Overfull \hbox (43.23267pt too wide) in paragraph at lines 132--132
[]\OT1/cmtt/m/n/10.95 Would you like to create a new local network bridge? (yes/no) [default=yes]:
 []



[19]
Overfull \hbox (31.73529pt too wide) in paragraph at lines 132--132
[]\OT1/cmtt/m/n/10.95 What IPv4 address should be used? (CIDR subnet notation, \auto" or \none")
 []


Overfull \hbox (31.73529pt too wide) in paragraph at lines 132--132
[]\OT1/cmtt/m/n/10.95 What IPv6 address should be used? (CIDR subnet notation, \auto" or \none")
 []


Overfull \hbox (37.48398pt too wide) in paragraph at lines 132--132
[]\OT1/cmtt/m/n/10.95 Would you like LXD to be available over the network? (yes/no) [default=no]:
 []


Overfull \hbox (20.23792pt too wide) in paragraph at lines 132--132
[]\OT1/cmtt/m/n/10.95 Would you like stale cached images to be updated automatically? (yes/no)
 []


Overfull \hbox (48.98135pt too wide) in paragraph at lines 132--133
[]\OT1/cmtt/m/n/10.95 Would you like a YAML "lxd init"preseed to be printed? (yes/no) [default=no]:
 []

<figs/lista de containers.png, id=689, 692.5875pt x 110.66344pt>
File: figs/lista de containers.png Graphic file (type png)
<use figs/lista de containers.png>
Package pdftex.def Info: figs/lista de containers.png  used on input line 172.
(pdftex.def)             Requested size: 398.33858pt x 63.64954pt.


[20]

[21 <./figs/lista de containers.png>]
Overfull \hbox (19.50682pt too wide) in paragraph at lines 246--251
[]\OT1/cmr/m/n/10.95 Este metodo usa o co-mando "\OT1/cmtt/m/n/10.95 lxc network forward create lxdbr0 192.168.1.80\OT1/cmr/m/n/10.95 "para
 []


Overfull \hbox (59.01924pt too wide) in paragraph at lines 246--251
\OT1/cmr/m/n/10.95 criar a re-gra e "\OT1/cmtt/m/n/10.95 lxc network forward port add lxdbr0 192.168.1.80 tcp 7000 10.195.171.205
 []

<figs/teste de conexo via browser.png, id=711, 350.81062pt x 175.40532pt>
File: figs/teste de conexo via browser.png Graphic file (type png)
<use figs/teste de conexo via browser.png>
Package pdftex.def Info: figs/teste de conexo via browser.png  used on input line 263.
(pdftex.def)             Requested size: 341.43306pt x 170.72908pt.
<figs/teste de conexo1.png, id=712, 440.39531pt x 33.12375pt>
File: figs/teste de conexo1.png Graphic file (type png)
<use figs/teste de conexo1.png>
Package pdftex.def Info: figs/teste de conexo1.png  used on input line 279.
(pdftex.def)             Requested size: 341.43306pt x 25.68124pt.


[22 <./figs/teste de conexo via browser.png>]
Overfull \hbox (28.3431pt too wide) in paragraph at lines 304--310
\OT1/cmr/m/n/10.95 tino "192.168.1.120"para o IP de um \OT1/cmr/m/it/10.95 con-tainer\OT1/cmr/m/n/10.95 , que neste es-x-em-plo ser^^Sa o IP "10.195.171.166"que
 []


Overfull \hbox (9.32233pt too wide) in paragraph at lines 304--310
\OT1/cmtt/m/n/10.95 lxdbr0 192.168.1.120 target[]address=10.195.171.166\OT1/cmr/m/n/10.95 "que au-to-mati-ca-mente cria uma
 []



[23 <./figs/teste de conexo1.png>]

[24]
Underfull \hbox (badness 10000) in paragraph at lines 425--427

 []



[25]
<figs/fluxo de comunicao.png, id=738, 539.01375pt x 286.06876pt>
File: figs/fluxo de comunicao.png Graphic file (type png)
<use figs/fluxo de comunicao.png>
Package pdftex.def Info: figs/fluxo de comunicao.png  used on input line 484.
(pdftex.def)             Requested size: 398.33858pt x 211.41257pt.


[26 <./figs/fluxo de comunicao.png>]

[27]
LaTeX Font Info:    Font shape `OT1/cmtt/bx/n' in size <9> not available
(Font)              Font shape `OT1/cmtt/m/n' tried instead on input line 561.

Overfull \hbox (81.85776pt too wide) in paragraph at lines 585--608
 [][] 
 []



[28]

[29]
Underfull \hbox (badness 10000) in paragraph at lines 671--675

 []



[30]
Overfull \hbox (17.34116pt too wide) in paragraph at lines 700--703
\OT1/cmr/m/n/10.95 Conn.py"respons^^Savel para se ligar ^^Ra unix socket, lo-cal-izada em "/tm-p/-socket[]proj"(localiza^^Xc~ao
 []



[31]

[32]
Underfull \hbox (badness 10000) in paragraph at lines 838--840

 []



[33]
LaTeX Font Info:    Trying to load font information for TS1+cmtt on input line 875.
 (/home/delta/.miktex/texmfs/install/tex/latex/base/ts1cmtt.fd
File: ts1cmtt.fd 2023/04/13 v2.5m Standard LaTeX font definitions
)
Underfull \hbox (badness 10000) in paragraph at lines 884--888

 []



[34]

[35]
Underfull \hbox (badness 10000) in paragraph at lines 982--986

 []


Underfull \hbox (badness 10000) in paragraph at lines 991--994

 []



[36]
Underfull \hbox (badness 10000) in paragraph at lines 1031--1033

 []


Underfull \hbox (badness 10000) in paragraph at lines 1040--1043

 []



[37]
Overfull \hbox (19.14932pt too wide) in paragraph at lines 1063--1067
\OT1/cmr/m/n/10.95 "\OT1/cmtt/m/n/10.95 /1.0/networks/bridge[]interface/forwards/external[]ip\OT1/cmr/m/n/10.95 "(onde s~ao in-clu-i-dos par^ametros
 []


Underfull \hbox (badness 10000) in paragraph at lines 1063--1067

 []


Underfull \hbox (badness 10000) in paragraph at lines 1068--1071

 []


Underfull \hbox (badness 10000) in paragraph at lines 1076--1079

 []


Underfull \hbox (badness 10000) in paragraph at lines 1105--1108

 []


Underfull \hbox (badness 10000) in paragraph at lines 1116--1118

 []



[38]
<figs/login.png, id=1023, 1435.61343pt x 359.84438pt>
File: figs/login.png Graphic file (type png)
<use figs/login.png>
Package pdftex.def Info: figs/login.png  used on input line 1148.
(pdftex.def)             Requested size: 455.24408pt x 114.1093pt.

Overfull \hbox (28.45273pt too wide) in paragraph at lines 1148--1149
 [] 
 []



[39 <./figs/login.png>]
Underfull \hbox (badness 10000) in paragraph at lines 1195--1199

 []


Underfull \hbox (badness 10000) in paragraph at lines 1203--1206

 []

<figs/registo.png, id=1032, 1159.33125pt x 390.70969pt>
File: figs/registo.png Graphic file (type png)
<use figs/registo.png>
Package pdftex.def Info: figs/registo.png  used on input line 1209.
(pdftex.def)             Requested size: 455.24408pt x 153.41946pt.

Overfull \hbox (28.45273pt too wide) in paragraph at lines 1209--1210
 [] 
 []



[40]
<figs/pagina de pedidos2.png, id=1062, 879.285pt x 430.60875pt>
File: figs/pagina de pedidos2.png Graphic file (type png)
<use figs/pagina de pedidos2.png>
Package pdftex.def Info: figs/pagina de pedidos2.png  used on input line 1222.
(pdftex.def)             Requested size: 455.24408pt x 222.93881pt.

Overfull \hbox (28.45273pt too wide) in paragraph at lines 1222--1223
 [] 
 []


Underfull \hbox (badness 10000) in paragraph at lines 1228--1231

 []

<figs/criar nat 2.png, id=1063, 1159.33125pt x 560.0925pt>
File: figs/criar nat 2.png Graphic file (type png)
<use figs/criar nat 2.png>
Package pdftex.def Info: figs/criar nat 2.png  used on input line 1239.
(pdftex.def)             Requested size: 455.24408pt x 219.9308pt.

Overfull \hbox (28.45273pt too wide) in paragraph at lines 1239--1240
 [] 
 []



[41 <./figs/registo.png> <./figs/pagina de pedidos2.png>]
Underfull \hbox (badness 10000) in paragraph at lines 1245--1249

 []



[42 <./figs/criar nat 2.png>]

[43]
<figs/sysfirewall.png, id=1139, 881.54344pt x 331.99031pt>
File: figs/sysfirewall.png Graphic file (type png)
<use figs/sysfirewall.png>
Package pdftex.def Info: figs/sysfirewall.png  used on input line 1346.
(pdftex.def)             Requested size: 455.24408pt x 171.4455pt.

Overfull \hbox (28.45273pt too wide) in paragraph at lines 1346--1347
 [] 
 []



[44 <./figs/sysfirewall.png>]

[45]
Underfull \hbox (badness 10000) in paragraph at lines 1435--1436

 []


Underfull \hbox (badness 10000) in paragraph at lines 1443--1446

 []

<figs/marketplace azure bot.png, id=1197, 319.1925pt x 467.49657pt>
File: figs/marketplace azure bot.png Graphic file (type png)
<use figs/marketplace azure bot.png>
Package pdftex.def Info: figs/marketplace azure bot.png  used on input line 1456.
(pdftex.def)             Requested size: 398.33858pt x 583.42053pt.


[46]
<figs/detalhes do bot.png, id=1205, 357.58594pt x 335.75438pt>
File: figs/detalhes do bot.png Graphic file (type png)
<use figs/detalhes do bot.png>
Package pdftex.def Info: figs/detalhes do bot.png  used on input line 1467.
(pdftex.def)             Requested size: 398.33858pt x 374.03917pt.


[47 <./figs/marketplace azure bot.png>]
<figs/erro bot azure.png, id=1211, 213.04594pt x 67.0003pt>
File: figs/erro bot azure.png Graphic file (type png)
<use figs/erro bot azure.png>
Package pdftex.def Info: figs/erro bot azure.png  used on input line 1480.
(pdftex.def)             Requested size: 284.52756pt x 89.48547pt.


[48 <./figs/detalhes do bot.png> <./figs/erro bot azure.png>]
Underfull \hbox (badness 10000) in paragraph at lines 1511--1514

 []



[49]

[50])

[51]
\openout2 = `80-Detour.aux'.

 (80-Detour.tex
Cap\'{\i }tulo 6.
)

[52




]
\openout2 = `90-Results.aux'.

 (90-Results.tex
Cap\'{\i }tulo 7.
)

[53




]
\openout2 = `B0-Future.aux'.

 (B0-Future.tex
Cap\'{\i }tulo 8.

Underfull \hbox (badness 10000) in paragraph at lines 23--25

 []

)

[54




]
\openout2 = `F0-Conclusion.aux'.

 (F0-Conclusion.tex
Cap\'{\i }tulo 9.
)

[55




]
Overfull \hbox (13.46626pt too wide) in paragraph at lines 188--188
[]\OT1/cmr/m/n/10.95 Netfilter project. \OT1/cmr/m/it/10.95 Net-fil-ter\OT1/cmr/m/n/10.95 . \OT1/cmr/m/sc/10.95 url\OT1/cmr/m/n/10.95 : []$\OT1/cmtt/m/n/10.95 https : / / www . netfilter . org$[] \OT1/cmr/m/n/10.95 (ace-dido em 30/04/2024). 
 []



[56



]
\openout2 = `ZA-Annex-codigo-ifs-firewall.aux'.

 (ZA-Annex-codigo-ifs-firewall.tex
Ap\^endice A.


[1



])

[2]
\openout2 = `ZB-Annex-codigoexecutarcmd.aux'.

 (ZB-Annex-codigoexecutarcmd.tex
Ap\^endice B.


[3




])

[4]
\openout2 = `ZC-Annex-codigolxdapi.aux'.

 (ZC-Annex-codigolxdapi.tex
Ap\^endice C.


[5




]

[6]

[7])

[8]
\openout2 = `ZD-Annex-codigolxdapiremove.aux'.

 (ZD-Annex-codigolxdapiremove.tex
Ap\^endice D.


[9




])

[10]
\openout2 = `ZE-Annex-cdigo-basehtml.aux'.

 (ZE-Annex-cdigo-basehtml.tex
Ap\^endice E.


[11




])

[12]
\openout2 = `ZF-Annex-codigobotteams.aux'.

 (ZF-Annex-codigobotteams.tex
Ap\^endice F.


[13




])

[14] 
enddocument/afterlastpage: lastpage setting LastPage.
(main.aux (00-Capa.aux) (01-Ficha.aux) (03-Abstract.aux) (05-Ack.aux) (07-Contents.aux) (09-Siglas.aux) (10-Intro.aux) (15-Problem.aux) (20-Theory.aux) (32-Art.aux) (40-Experiments.aux) (80-Detour.aux) (90-Results.aux) (B0-Future.aux) (F0-Conclusion.aux) (ZA-Annex-codigo-ifs-firewall.aux) (ZB-Annex-codigoexecutarcmd.aux) (ZC-Annex-codigolxdapi.aux) (ZD-Annex-codigolxdapiremove.aux) (ZE-Annex-cdigo-basehtml.aux) (ZF-Annex-codigobotteams.aux))
 ***********
LaTeX2e <2024-06-01> patch level 1
L3 programming layer <2024-05-27>
 ***********


LaTeX Warning: There were undefined references.


LaTeX Warning: There were multiply-defined labels.

Package rerunfilecheck Info: File `main.out' has not changed.
(rerunfilecheck)             Checksum: C0B0223267409364D94D245742AA6666;13531.

Package biblatex Warning: Please (re)run Biber on the file:
(biblatex)                main
(biblatex)                and rerun LaTeX afterwards.

Package logreq Info: Writing requests to 'main.run.xml'.
\openout1 = `main.run.xml'.

 )
(\end occurred inside a group at level 2)

### simple group (level 2) entered at line 105 ({)
### simple group (level 1) entered at line 94 ({)
### bottom level 
Here is how much of TeX's memory you used:
 49800 strings out of 475830
 971071 string characters out of 5778252
 2205905 words of memory out of 5000000
 70385 multiletter control sequences out of 15000+600000
 569764 words of font info for 76 fonts, out of 8000000 for 9000
 23 hyphenation exceptions out of 8191
 99i,10n,117p,2373b,2501s stack positions out of 10000i,1000n,20000p,200000b,200000s

pdfTeX warning (dest): name{Hfootnote.1} has been referenced but does not exist, replaced by a fixed one


pdfTeX warning (dest): name{glo:ieee} has been referenced but does not exist, replaced by a fixed one

 </home/delta/.miktex/texmfs/data/fonts/pk/ljfour/jknappen/ec/dpi600/tctt0900.pk> </home/delta/.miktex/texmfs/data/fonts/pk/ljfour/jknappen/ec/dpi600/tcbx1095.pk> </home/delta/.miktex/texmfs/data/fonts/pk/ljfour/jknappen/ec/dpi600/tcrm1095.pk></home/delta/.miktex/texmfs/install/fonts/type1/public/amsfonts/cm/cmbx10.pfb></home/delta/.miktex/texmfs/install/fonts/type1/public/amsfonts/cm/cmbx12.pfb></home/delta/.miktex/texmfs/install/fonts/type1/public/amsfonts/cm/cmbx8.pfb></home/delta/.miktex/texmfs/install/fonts/type1/public/amsfonts/cm/cmbxti10.pfb></home/delta/.miktex/texmfs/install/fonts/type1/public/amsfonts/cm/cmcsc10.pfb></home/delta/.miktex/texmfs/install/fonts/type1/public/amsfonts/cm/cmitt10.pfb></home/delta/.miktex/texmfs/install/fonts/type1/public/amsfonts/cm/cmmi10.pfb></home/delta/.miktex/texmfs/install/fonts/type1/public/amsfonts/cm/cmr10.pfb></home/delta/.miktex/texmfs/install/fonts/type1/public/amsfonts/cm/cmr12.pfb></home/delta/.miktex/texmfs/install/fonts/type1/public/amsfonts/cm/cmr17.pfb></home/delta/.miktex/texmfs/install/fonts/type1/public/amsfonts/cm/cmr6.pfb></home/delta/.miktex/texmfs/install/fonts/type1/public/amsfonts/cm/cmr8.pfb></home/delta/.miktex/texmfs/install/fonts/type1/public/amsfonts/cm/cmr9.pfb></home/delta/.miktex/texmfs/install/fonts/type1/public/amsfonts/cm/cmsy6.pfb></home/delta/.miktex/texmfs/install/fonts/type1/public/amsfonts/cm/cmti10.pfb></home/delta/.miktex/texmfs/install/fonts/type1/public/amsfonts/cm/cmti8.pfb></home/delta/.miktex/texmfs/install/fonts/type1/public/amsfonts/cm/cmti9.pfb></home/delta/.miktex/texmfs/install/fonts/type1/public/amsfonts/cm/cmtt10.pfb></home/delta/.miktex/texmfs/install/fonts/type1/public/amsfonts/cm/cmtt9.pfb>
Output written on main.pdf (83 pages, 895217 bytes).
PDF statistics:
 2081 PDF objects out of 2487 (max. 8388607)
 1075 named destinations out of 1200 (max. 500000)
 640 words of extra memory for PDF output out of 10000 (max. 10000000)

