\BOOKMARK [0][-]{section*.4}{\376\377\000L\000i\000s\000t\000a\000\040\000d\000e\000\040\000T\000a\000b\000e\000l\000a\000s}{}% 1
\BOOKMARK [0][-]{section*.6}{\376\377\000L\000i\000s\000t\000a\000\040\000d\000e\000\040\000F\000i\000g\000u\000r\000a\000s}{}% 2
\BOOKMARK [0][-]{section*.8}{\376\377\000L\000i\000s\000t\000a\000\040\000d\000e\000\040\000e\000x\000c\000e\000r\000t\000o\000s\000\040\000d\000e\000\040\000c\000\363\000d\000i\000g\000o\000\040\000e\000\040\000t\000e\000r\000m\000i\000n\000a\000l}{}% 3
\BOOKMARK [0][-]{chapter.1}{\376\377\000I\000n\000t\000r\000o\000d\000u\000\347\000\343\000o}{}% 4
\BOOKMARK [1][-]{section.1.1}{\376\377\000O\000b\000j\000e\000t\000i\000v\000o\000s}{chapter.1}% 5
\BOOKMARK [1][-]{section.1.2}{\376\377\000M\000e\000t\000o\000d\000o\000l\000o\000g\000i\000a}{chapter.1}% 6
\BOOKMARK [1][-]{section.1.3}{\376\377\000R\000e\000c\000u\000r\000s\000o\000s\000\040\000t\000e\000c\000n\000o\000l\000\363\000g\000i\000c\000o\000s}{chapter.1}% 7
\BOOKMARK [1][-]{section.1.4}{\376\377\000C\000r\000o\000n\000o\000g\000r\000a\000m\000a}{chapter.1}% 8
\BOOKMARK [1][-]{section.1.5}{\376\377\000O\000r\000g\000a\000n\000i\000z\000a\000\347\000\343\000o\000\040\000d\000o\000\040\000r\000e\000l\000a\000t\000\363\000r\000i\000o}{chapter.1}% 9
\BOOKMARK [0][-]{chapter.2}{\376\377\000A\000n\000\341\000l\000i\000s\000e\000\040\000d\000o\000\040\000p\000r\000o\000b\000l\000e\000m\000a}{}% 10
\BOOKMARK [0][-]{chapter.3}{\376\377\000F\000u\000n\000d\000a\000m\000e\000n\000t\000o\000s\000\040\000t\000e\000\363\000r\000i\000c\000o\000s}{}% 11
\BOOKMARK [1][-]{section.3.1}{\376\377\000L\000i\000n\000g\000u\000a\000g\000e\000n\000s\000\040\000d\000e\000\040\000p\000r\000o\000g\000r\000a\000m\000a\000\347\000\343\000o}{chapter.3}% 12
\BOOKMARK [1][-]{section.3.2}{\376\377\000B\000i\000b\000l\000i\000o\000t\000e\000c\000a\000s\000/\000F\000r\000a\000m\000e\000W\000o\000r\000k\000s\000\040\000r\000e\000l\000e\000v\000a\000n\000t\000e\000s\000\040\000p\000a\000r\000a\000\040\000o\000\040\000p\000r\000o\000j\000e\000t\000o}{chapter.3}% 13
\BOOKMARK [2][-]{subsection.3.2.1}{\376\377\000F\000l\000a\000s\000k\000\040\000\050\000P\000y\000t\000h\000o\000n\000\051}{section.3.2}% 14
\BOOKMARK [1][-]{section.3.3}{\376\377\000A\000P\000I\000s}{chapter.3}% 15
\BOOKMARK [2][-]{subsection.3.3.1}{\376\377\000O\000\040\000q\000u\000e\000\040\000\351\000\040\000u\000m\000a\000\040\000A\000P\000I\000?}{section.3.3}% 16
\BOOKMARK [2][-]{subsection.3.3.2}{\376\377\000O\000\040\000q\000u\000e\000\040\000\351\000\040\000u\000m\000a\000\040\000R\000E\000S\000T\000\040\000A\000P\000I\000?}{section.3.3}% 17
\BOOKMARK [1][-]{section.3.4}{\376\377\000U\000n\000i\000x\000\040\000S\000o\000c\000k\000e\000t}{chapter.3}% 18
\BOOKMARK [2][-]{subsection.3.4.1}{\376\377\000C\000o\000m\000o\000\040\000f\000u\000n\000c\000i\000o\000n\000a\000?}{section.3.4}% 19
\BOOKMARK [1][-]{section.3.5}{\376\377\000C\000o\000n\000t\000a\000i\000n\000e\000r\000s}{chapter.3}% 20
\BOOKMARK [2][-]{subsection.3.5.1}{\376\377\000L\000X\000D\000\040\000e\000\040\000L\000X\000C}{section.3.5}% 21
\BOOKMARK [2][-]{subsection.3.5.2}{\376\377\000I\000n\000c\000u\000s}{section.3.5}% 22
\BOOKMARK [1][-]{section.3.6}{\376\377\000F\000i\000r\000e\000w\000a\000l\000l\000s\000\040\000L\000i\000n\000u\000x}{chapter.3}% 23
\BOOKMARK [2][-]{subsection.3.6.1}{\376\377\000I\000p\000t\000a\000b\000l\000e\000s}{section.3.6}% 24
\BOOKMARK [2][-]{subsection.3.6.2}{\376\377\000N\000f\000t\000a\000b\000l\000e\000s}{section.3.6}% 25
\BOOKMARK [0][-]{chapter.4}{\376\377\000E\000s\000t\000a\000d\000o\000\040\000d\000a\000\040\000A\000r\000t\000e}{}% 26
\BOOKMARK [0][-]{chapter.5}{\376\377\000D\000e\000s\000e\000n\000v\000o\000l\000v\000i\000m\000e\000n\000t\000o\000\040\000d\000o\000\040\000t\000e\000m\000a}{}% 27
\BOOKMARK [1][-]{section.5.1}{\376\377\000A\000m\000b\000i\000e\000n\000t\000e\000\040\000d\000e\000\040\000t\000e\000s\000t\000e\000s\000\040\000d\000o\000\040\000p\000r\000o\000j\000e\000t\000o}{chapter.5}% 28
\BOOKMARK [2][-]{subsection.5.1.1}{\376\377\000C\000o\000n\000f\000i\000g\000u\000r\000a\000\347\000\343\000o\000\040\000d\000o\000\040\000A\000l\000p\000i\000n\000e\000\040\000L\000i\000n\000u\000x}{section.5.1}% 29
\BOOKMARK [2][-]{subsection.5.1.2}{\376\377\000C\000o\000n\000f\000i\000g\000u\000r\000a\000\347\000\343\000o\000\040\000d\000o\000\040\000L\000X\000D\000/\000L\000X\000C}{section.5.1}% 30
\BOOKMARK [2][-]{subsection.5.1.3}{\376\377\000I\000n\000s\000t\000a\000l\000a\000\347\000\343\000o\000\040\000d\000o\000\040\000.\000N\000E\000T\000\040\000C\000o\000r\000e}{section.5.1}% 31
\BOOKMARK [2][-]{subsection.5.1.4}{\376\377\000I\000n\000s\000t\000a\000l\000a\000\347\000\343\000o\000\040\000d\000e\000\040\000o\000u\000t\000r\000o\000s\000\040\000p\000a\000c\000o\000t\000e\000s}{section.5.1}% 32
\BOOKMARK [1][-]{section.5.2}{\376\377\000T\000e\000s\000t\000e\000s\000\040\000d\000e\000\040\000F\000i\000r\000e\000w\000a\000l\000l\000\040\000e\000\040\000c\000o\000n\000e\000x\000\365\000e\000s\000\040\000r\000e\000a\000l\000i\000z\000a\000d\000o\000s}{chapter.5}% 33
\BOOKMARK [2][-]{subsection.5.2.1}{\376\377\000M\000\351\000t\000o\000d\000o\000\040\0001\000:\000\040\000C\000r\000i\000a\000r\000\040\000r\000e\000g\000r\000a\000s\000\040\000n\000o\000\040\000l\000x\000c\000\040\000n\000e\000t\000w\000o\000r\000k\000\040\000e\000\040\000d\000e\000f\000e\000n\000i\000r\000\040\000p\000o\000r\000t\000a\000s\000\040\000d\000e\000\040\000r\000e\000d\000i\000r\000e\000c\000i\000o\000n\000a\000m\000e\000n\000t\000o}{section.5.2}% 34
\BOOKMARK [2][-]{subsection.5.2.2}{\376\377\000M\000\351\000t\000o\000d\000o\000\040\0002\000:\000\040\000U\000s\000a\000r\000\040\000u\000m\000\040\000I\000P\000\040\000p\000a\000r\000a\000\040\000r\000e\000d\000i\000r\000e\000c\000i\000o\000n\000a\000r\000\040\000o\000\040\000t\000r\000\341\000f\000e\000g\000o\000\040\000p\000a\000r\000a\000\040\000o\000\040\000c\000o\000n\000t\000a\000i\000n\000e\000r}{section.5.2}% 35
\BOOKMARK [2][-]{subsection.5.2.3}{\376\377\000M\000\351\000t\000o\000d\000o\000\040\0003\000:\000\040\000U\000s\000a\000r\000\040\000o\000\040\000I\000p\000t\000a\000b\000l\000e\000s\000\040\000p\000a\000r\000a\000\040\000c\000r\000i\000a\000r\000\040\000p\000o\000r\000t\000a\000s\000\040\000d\000e\000\040\000r\000e\000d\000i\000r\000e\000c\000i\000o\000n\000a\000m\000e\000n\000t\000o}{section.5.2}% 36
\BOOKMARK [1][-]{section.5.3}{\376\377\000T\000e\000s\000t\000e\000s\000\040\000d\000a\000\040\000A\000P\000I\000\040\000d\000o\000\040\000L\000X\000D}{chapter.5}% 37
\BOOKMARK [1][-]{section.5.4}{\376\377\000C\000r\000i\000a\000\347\000\343\000o\000\040\000d\000a\000\040\000A\000P\000I}{chapter.5}% 38
\BOOKMARK [2][-]{subsection.5.4.1}{\376\377\000P\000r\000\351\000-\000r\000e\000q\000u\000e\000s\000i\000t\000o\000s}{section.5.4}% 39
\BOOKMARK [2][-]{subsection.5.4.2}{\376\377\000E\000s\000t\000r\000u\000t\000u\000r\000a\000\040\000d\000a\000\040\000A\000P\000I}{section.5.4}% 40
\BOOKMARK [2][-]{subsection.5.4.3}{\376\377\000D\000e\000f\000i\000n\000i\000\347\000\343\000o\000\040\000d\000o\000s\000\040\000p\000a\000r\000\342\000m\000e\000t\000r\000o\000s}{section.5.4}% 41
\BOOKMARK [2][-]{subsection.5.4.4}{\376\377\000F\000o\000r\000m\000a\000t\000o\000\040\000d\000a\000\040\000s\000o\000l\000i\000c\000i\000t\000a\000\347\000\343\000o}{section.5.4}% 42
\BOOKMARK [2][-]{subsection.5.4.5}{\376\377\000l\000i\000g\000a\000\347\000\343\000o\000\040\000\340\000\040\000u\000n\000i\000x\000\040\000s\000o\000c\000k\000e\000t}{section.5.4}% 43
\BOOKMARK [1][-]{section.5.5}{\376\377\000P\000o\000r\000t\000\040\000C\000o\000n\000t\000r\000o\000l\000l\000e\000r}{chapter.5}% 44
\BOOKMARK [2][-]{subsection.5.5.1}{\376\377\000E\000s\000c\000o\000l\000h\000a\000\040\000d\000a\000\040\000t\000e\000c\000n\000o\000l\000o\000g\000i\000a}{section.5.5}% 45
\BOOKMARK [2][-]{subsection.5.5.2}{\376\377\000F\000u\000n\000c\000i\000o\000n\000a\000l\000i\000d\000a\000d\000e\000s}{section.5.5}% 46
\BOOKMARK [2][-]{subsection.5.5.3}{\376\377\000E\000s\000t\000r\000u\000t\000u\000r\000a\000\040\000d\000o\000\040\000c\000\363\000d\000i\000g\000o}{section.5.5}% 47
\BOOKMARK [2][-]{subsection.5.5.4}{\376\377\000F\000u\000n\000c\000i\000o\000n\000a\000m\000e\000n\000t\000o\000\040\000d\000o\000\040\000c\000\363\000d\000i\000g\000o}{section.5.5}% 48
\BOOKMARK [1][-]{section.5.6}{\376\377\000I\000n\000t\000e\000r\000f\000a\000c\000e\000\040\000W\000e\000b}{chapter.5}% 49
\BOOKMARK [2][-]{subsection.5.6.1}{\376\377\000F\000i\000c\000h\000e\000i\000r\000o\000\040\000b\000a\000s\000e\000.\000h\000t\000m\000l}{section.5.6}% 50
\BOOKMARK [2][-]{subsection.5.6.2}{\376\377\000P\000\341\000g\000i\000n\000a\000\040\000d\000e\000\040\000L\000o\000g\000i\000n\000\040\000e\000\040\000R\000e\000g\000i\000s\000t\000o}{section.5.6}% 51
\BOOKMARK [2][-]{subsection.5.6.3}{\376\377\000P\000\341\000g\000i\000n\000a\000\040\000p\000a\000r\000a\000\040\000f\000a\000z\000e\000r\000\040\000p\000e\000d\000i\000d\000o\000s\000\040\000s\000o\000b\000r\000e\000\040\000p\000o\000r\000t\000a\000s}{section.5.6}% 52
\BOOKMARK [2][-]{subsection.5.6.4}{\376\377\000P\000\341\000g\000i\000n\000a\000\040\000p\000a\000r\000a\000\040\000c\000r\000i\000a\000r\000\040\000a\000\040\000l\000i\000g\000a\000\347\000\343\000o\000\040\000N\000A\000T}{section.5.6}% 53
\BOOKMARK [1][-]{section.5.7}{\376\377\000S\000i\000s\000t\000e\000m\000a\000\040\000d\000e\000\040\000n\000o\000t\000i\000f\000i\000c\000a\000\347\000\365\000e\000s}{chapter.5}% 54
\BOOKMARK [2][-]{subsection.5.7.1}{\376\377\000D\000i\000s\000c\000o\000r\000d}{section.5.7}% 55
\BOOKMARK [2][-]{subsection.5.7.2}{\376\377\000M\000i\000c\000r\000o\000s\000o\000f\000t\000\040\000T\000e\000a\000m\000s}{section.5.7}% 56
\BOOKMARK [0][-]{chapter.6}{\376\377\000D\000e\000s\000v\000i\000o\000s\000\040\000d\000e\000\040\000P\000r\000o\000c\000e\000d\000i\000m\000e\000n\000t\000o}{}% 57
\BOOKMARK [0][-]{chapter.7}{\376\377\000D\000i\000s\000c\000u\000s\000s\000\343\000o\000\040\000d\000e\000\040\000r\000e\000s\000u\000l\000t\000a\000d\000o\000s}{}% 58
\BOOKMARK [0][-]{chapter.8}{\376\377\000T\000r\000a\000b\000a\000l\000h\000o\000\040\000f\000u\000t\000u\000r\000o}{}% 59
\BOOKMARK [0][-]{chapter.9}{\376\377\000C\000o\000n\000c\000l\000u\000s\000\365\000e\000s\000\040\000e\000\040\000r\000e\000f\000l\000e\000x\000\343\000o\000\040\000c\000r\000\355\000t\000i\000c\000a}{}% 60
\BOOKMARK [0][-]{chapter.9}{\376\377\000R\000e\000f\000e\000r\000\352\000n\000c\000i\000a\000s}{}% 61
\BOOKMARK [0][-]{appendix.A}{\376\377\000E\000s\000p\000e\000c\000i\000f\000i\000c\000a\000\347\000\343\000o\000\040\000d\000e\000\040\000r\000e\000q\000u\000i\000s\000i\000t\000o\000s\000\040\000s\000i\000m\000p\000l\000i\000f\000i\000c\000a\000d\000a}{}% 62
\BOOKMARK [0][-]{appendix.B}{\376\377\000Q\000u\000e\000s\000t\000i\000o\000n\000\341\000r\000i\000o\000s}{}% 63
